This is pdfTeX, Version 3.14159265-2.6-1.40.18 (TeX Live 2017/W32TeX) (preloaded format=pdflatex 2018.1.19)  18 JUN 2018 15:50
entering extended mode
 restricted \write18 enabled.
 %&-line parsing enabled.
**./main_File.tex
(./main_File.tex
LaTeX2e <2017-04-15>
Babel <3.10> and hyphenation patterns for 84 language(s) loaded.
(d:/texlive/2017/texmf-dist/tex/latex/base/book.cls
Document Class: book 2014/09/29 v1.4h Standard LaTeX document class
(d:/texlive/2017/texmf-dist/tex/latex/base/bk11.clo
File: bk11.clo 2014/09/29 v1.4h Standard LaTeX file (size option)
)
\c@part=\count79
\c@chapter=\count80
\c@section=\count81
\c@subsection=\count82
\c@subsubsection=\count83
\c@paragraph=\count84
\c@subparagraph=\count85
\c@figure=\count86
\c@table=\count87
\abovecaptionskip=\skip41
\belowcaptionskip=\skip42
\bibindent=\dimen102
)
(d:/texlive/2017/texmf-dist/tex/latex/base/fontenc.sty
Package: fontenc 2017/04/05 v2.0i Standard LaTeX package

(d:/texlive/2017/texmf-dist/tex/latex/base/t1enc.def
File: t1enc.def 2017/04/05 v2.0i Standard LaTeX file
LaTeX Font Info:    Redeclaring font encoding T1 on input line 48.
))
(d:/texlive/2017/texmf-dist/tex/latex/base/inputenc.sty
Package: inputenc 2015/03/17 v1.2c Input encoding file
\inpenc@prehook=\toks14
\inpenc@posthook=\toks15

(d:/texlive/2017/texmf-dist/tex/latex/base/utf8.def
File: utf8.def 2017/01/28 v1.1t UTF-8 support for inputenc
Now handling font encoding OML ...
... no UTF-8 mapping file for font encoding OML
Now handling font encoding T1 ...
... processing UTF-8 mapping file for font encoding T1

(d:/texlive/2017/texmf-dist/tex/latex/base/t1enc.dfu
File: t1enc.dfu 2017/01/28 v1.1t UTF-8 support for inputenc
   defining Unicode char U+00A0 (decimal 160)
   defining Unicode char U+00A1 (decimal 161)
   defining Unicode char U+00A3 (decimal 163)
   defining Unicode char U+00AB (decimal 171)
   defining Unicode char U+00AD (decimal 173)
   defining Unicode char U+00BB (decimal 187)
   defining Unicode char U+00BF (decimal 191)
   defining Unicode char U+00C0 (decimal 192)
   defining Unicode char U+00C1 (decimal 193)
   defining Unicode char U+00C2 (decimal 194)
   defining Unicode char U+00C3 (decimal 195)
   defining Unicode char U+00C4 (decimal 196)
   defining Unicode char U+00C5 (decimal 197)
   defining Unicode char U+00C6 (decimal 198)
   defining Unicode char U+00C7 (decimal 199)
   defining Unicode char U+00C8 (decimal 200)
   defining Unicode char U+00C9 (decimal 201)
   defining Unicode char U+00CA (decimal 202)
   defining Unicode char U+00CB (decimal 203)
   defining Unicode char U+00CC (decimal 204)
   defining Unicode char U+00CD (decimal 205)
   defining Unicode char U+00CE (decimal 206)
   defining Unicode char U+00CF (decimal 207)
   defining Unicode char U+00D0 (decimal 208)
   defining Unicode char U+00D1 (decimal 209)
   defining Unicode char U+00D2 (decimal 210)
   defining Unicode char U+00D3 (decimal 211)
   defining Unicode char U+00D4 (decimal 212)
   defining Unicode char U+00D5 (decimal 213)
   defining Unicode char U+00D6 (decimal 214)
   defining Unicode char U+00D8 (decimal 216)
   defining Unicode char U+00D9 (decimal 217)
   defining Unicode char U+00DA (decimal 218)
   defining Unicode char U+00DB (decimal 219)
   defining Unicode char U+00DC (decimal 220)
   defining Unicode char U+00DD (decimal 221)
   defining Unicode char U+00DE (decimal 222)
   defining Unicode char U+00DF (decimal 223)
   defining Unicode char U+00E0 (decimal 224)
   defining Unicode char U+00E1 (decimal 225)
   defining Unicode char U+00E2 (decimal 226)
   defining Unicode char U+00E3 (decimal 227)
   defining Unicode char U+00E4 (decimal 228)
   defining Unicode char U+00E5 (decimal 229)
   defining Unicode char U+00E6 (decimal 230)
   defining Unicode char U+00E7 (decimal 231)
   defining Unicode char U+00E8 (decimal 232)
   defining Unicode char U+00E9 (decimal 233)
   defining Unicode char U+00EA (decimal 234)
   defining Unicode char U+00EB (decimal 235)
   defining Unicode char U+00EC (decimal 236)
   defining Unicode char U+00ED (decimal 237)
   defining Unicode char U+00EE (decimal 238)
   defining Unicode char U+00EF (decimal 239)
   defining Unicode char U+00F0 (decimal 240)
   defining Unicode char U+00F1 (decimal 241)
   defining Unicode char U+00F2 (decimal 242)
   defining Unicode char U+00F3 (decimal 243)
   defining Unicode char U+00F4 (decimal 244)
   defining Unicode char U+00F5 (decimal 245)
   defining Unicode char U+00F6 (decimal 246)
   defining Unicode char U+00F8 (decimal 248)
   defining Unicode char U+00F9 (decimal 249)
   defining Unicode char U+00FA (decimal 250)
   defining Unicode char U+00FB (decimal 251)
   defining Unicode char U+00FC (decimal 252)
   defining Unicode char U+00FD (decimal 253)
   defining Unicode char U+00FE (decimal 254)
   defining Unicode char U+00FF (decimal 255)
   defining Unicode char U+0100 (decimal 256)
   defining Unicode char U+0101 (decimal 257)
   defining Unicode char U+0102 (decimal 258)
   defining Unicode char U+0103 (decimal 259)
   defining Unicode char U+0104 (decimal 260)
   defining Unicode char U+0105 (decimal 261)
   defining Unicode char U+0106 (decimal 262)
   defining Unicode char U+0107 (decimal 263)
   defining Unicode char U+0108 (decimal 264)
   defining Unicode char U+0109 (decimal 265)
   defining Unicode char U+010A (decimal 266)
   defining Unicode char U+010B (decimal 267)
   defining Unicode char U+010C (decimal 268)
   defining Unicode char U+010D (decimal 269)
   defining Unicode char U+010E (decimal 270)
   defining Unicode char U+010F (decimal 271)
   defining Unicode char U+0110 (decimal 272)
   defining Unicode char U+0111 (decimal 273)
   defining Unicode char U+0112 (decimal 274)
   defining Unicode char U+0113 (decimal 275)
   defining Unicode char U+0114 (decimal 276)
   defining Unicode char U+0115 (decimal 277)
   defining Unicode char U+0116 (decimal 278)
   defining Unicode char U+0117 (decimal 279)
   defining Unicode char U+0118 (decimal 280)
   defining Unicode char U+0119 (decimal 281)
   defining Unicode char U+011A (decimal 282)
   defining Unicode char U+011B (decimal 283)
   defining Unicode char U+011C (decimal 284)
   defining Unicode char U+011D (decimal 285)
   defining Unicode char U+011E (decimal 286)
   defining Unicode char U+011F (decimal 287)
   defining Unicode char U+0120 (decimal 288)
   defining Unicode char U+0121 (decimal 289)
   defining Unicode char U+0122 (decimal 290)
   defining Unicode char U+0123 (decimal 291)
   defining Unicode char U+0124 (decimal 292)
   defining Unicode char U+0125 (decimal 293)
   defining Unicode char U+0128 (decimal 296)
   defining Unicode char U+0129 (decimal 297)
   defining Unicode char U+012A (decimal 298)
   defining Unicode char U+012B (decimal 299)
   defining Unicode char U+012C (decimal 300)
   defining Unicode char U+012D (decimal 301)
   defining Unicode char U+012E (decimal 302)
   defining Unicode char U+012F (decimal 303)
   defining Unicode char U+0130 (decimal 304)
   defining Unicode char U+0131 (decimal 305)
   defining Unicode char U+0132 (decimal 306)
   defining Unicode char U+0133 (decimal 307)
   defining Unicode char U+0134 (decimal 308)
   defining Unicode char U+0135 (decimal 309)
   defining Unicode char U+0136 (decimal 310)
   defining Unicode char U+0137 (decimal 311)
   defining Unicode char U+0139 (decimal 313)
   defining Unicode char U+013A (decimal 314)
   defining Unicode char U+013B (decimal 315)
   defining Unicode char U+013C (decimal 316)
   defining Unicode char U+013D (decimal 317)
   defining Unicode char U+013E (decimal 318)
   defining Unicode char U+0141 (decimal 321)
   defining Unicode char U+0142 (decimal 322)
   defining Unicode char U+0143 (decimal 323)
   defining Unicode char U+0144 (decimal 324)
   defining Unicode char U+0145 (decimal 325)
   defining Unicode char U+0146 (decimal 326)
   defining Unicode char U+0147 (decimal 327)
   defining Unicode char U+0148 (decimal 328)
   defining Unicode char U+014A (decimal 330)
   defining Unicode char U+014B (decimal 331)
   defining Unicode char U+014C (decimal 332)
   defining Unicode char U+014D (decimal 333)
   defining Unicode char U+014E (decimal 334)
   defining Unicode char U+014F (decimal 335)
   defining Unicode char U+0150 (decimal 336)
   defining Unicode char U+0151 (decimal 337)
   defining Unicode char U+0152 (decimal 338)
   defining Unicode char U+0153 (decimal 339)
   defining Unicode char U+0154 (decimal 340)
   defining Unicode char U+0155 (decimal 341)
   defining Unicode char U+0156 (decimal 342)
   defining Unicode char U+0157 (decimal 343)
   defining Unicode char U+0158 (decimal 344)
   defining Unicode char U+0159 (decimal 345)
   defining Unicode char U+015A (decimal 346)
   defining Unicode char U+015B (decimal 347)
   defining Unicode char U+015C (decimal 348)
   defining Unicode char U+015D (decimal 349)
   defining Unicode char U+015E (decimal 350)
   defining Unicode char U+015F (decimal 351)
   defining Unicode char U+0160 (decimal 352)
   defining Unicode char U+0161 (decimal 353)
   defining Unicode char U+0162 (decimal 354)
   defining Unicode char U+0163 (decimal 355)
   defining Unicode char U+0164 (decimal 356)
   defining Unicode char U+0165 (decimal 357)
   defining Unicode char U+0168 (decimal 360)
   defining Unicode char U+0169 (decimal 361)
   defining Unicode char U+016A (decimal 362)
   defining Unicode char U+016B (decimal 363)
   defining Unicode char U+016C (decimal 364)
   defining Unicode char U+016D (decimal 365)
   defining Unicode char U+016E (decimal 366)
   defining Unicode char U+016F (decimal 367)
   defining Unicode char U+0170 (decimal 368)
   defining Unicode char U+0171 (decimal 369)
   defining Unicode char U+0172 (decimal 370)
   defining Unicode char U+0173 (decimal 371)
   defining Unicode char U+0174 (decimal 372)
   defining Unicode char U+0175 (decimal 373)
   defining Unicode char U+0176 (decimal 374)
   defining Unicode char U+0177 (decimal 375)
   defining Unicode char U+0178 (decimal 376)
   defining Unicode char U+0179 (decimal 377)
   defining Unicode char U+017A (decimal 378)
   defining Unicode char U+017B (decimal 379)
   defining Unicode char U+017C (decimal 380)
   defining Unicode char U+017D (decimal 381)
   defining Unicode char U+017E (decimal 382)
   defining Unicode char U+01CD (decimal 461)
   defining Unicode char U+01CE (decimal 462)
   defining Unicode char U+01CF (decimal 463)
   defining Unicode char U+01D0 (decimal 464)
   defining Unicode char U+01D1 (decimal 465)
   defining Unicode char U+01D2 (decimal 466)
   defining Unicode char U+01D3 (decimal 467)
   defining Unicode char U+01D4 (decimal 468)
   defining Unicode char U+01E2 (decimal 482)
   defining Unicode char U+01E3 (decimal 483)
   defining Unicode char U+01E6 (decimal 486)
   defining Unicode char U+01E7 (decimal 487)
   defining Unicode char U+01E8 (decimal 488)
   defining Unicode char U+01E9 (decimal 489)
   defining Unicode char U+01EA (decimal 490)
   defining Unicode char U+01EB (decimal 491)
   defining Unicode char U+01F0 (decimal 496)
   defining Unicode char U+01F4 (decimal 500)
   defining Unicode char U+01F5 (decimal 501)
   defining Unicode char U+0218 (decimal 536)
   defining Unicode char U+0219 (decimal 537)
   defining Unicode char U+021A (decimal 538)
   defining Unicode char U+021B (decimal 539)
   defining Unicode char U+0232 (decimal 562)
   defining Unicode char U+0233 (decimal 563)
   defining Unicode char U+1E02 (decimal 7682)
   defining Unicode char U+1E03 (decimal 7683)
   defining Unicode char U+200C (decimal 8204)
   defining Unicode char U+2010 (decimal 8208)
   defining Unicode char U+2011 (decimal 8209)
   defining Unicode char U+2012 (decimal 8210)
   defining Unicode char U+2013 (decimal 8211)
   defining Unicode char U+2014 (decimal 8212)
   defining Unicode char U+2015 (decimal 8213)
   defining Unicode char U+2018 (decimal 8216)
   defining Unicode char U+2019 (decimal 8217)
   defining Unicode char U+201A (decimal 8218)
   defining Unicode char U+201C (decimal 8220)
   defining Unicode char U+201D (decimal 8221)
   defining Unicode char U+201E (decimal 8222)
   defining Unicode char U+2030 (decimal 8240)
   defining Unicode char U+2031 (decimal 8241)
   defining Unicode char U+2039 (decimal 8249)
   defining Unicode char U+203A (decimal 8250)
   defining Unicode char U+2423 (decimal 9251)
   defining Unicode char U+1E20 (decimal 7712)
   defining Unicode char U+1E21 (decimal 7713)
)
Now handling font encoding OT1 ...
... processing UTF-8 mapping file for font encoding OT1

(d:/texlive/2017/texmf-dist/tex/latex/base/ot1enc.dfu
File: ot1enc.dfu 2017/01/28 v1.1t UTF-8 support for inputenc
   defining Unicode char U+00A0 (decimal 160)
   defining Unicode char U+00A1 (decimal 161)
   defining Unicode char U+00A3 (decimal 163)
   defining Unicode char U+00AD (decimal 173)
   defining Unicode char U+00B8 (decimal 184)
   defining Unicode char U+00BF (decimal 191)
   defining Unicode char U+00C5 (decimal 197)
   defining Unicode char U+00C6 (decimal 198)
   defining Unicode char U+00D8 (decimal 216)
   defining Unicode char U+00DF (decimal 223)
   defining Unicode char U+00E6 (decimal 230)
   defining Unicode char U+00EC (decimal 236)
   defining Unicode char U+00ED (decimal 237)
   defining Unicode char U+00EE (decimal 238)
   defining Unicode char U+00EF (decimal 239)
   defining Unicode char U+00F8 (decimal 248)
   defining Unicode char U+0131 (decimal 305)
   defining Unicode char U+0141 (decimal 321)
   defining Unicode char U+0142 (decimal 322)
   defining Unicode char U+0152 (decimal 338)
   defining Unicode char U+0153 (decimal 339)
   defining Unicode char U+0174 (decimal 372)
   defining Unicode char U+0175 (decimal 373)
   defining Unicode char U+0176 (decimal 374)
   defining Unicode char U+0177 (decimal 375)
   defining Unicode char U+0218 (decimal 536)
   defining Unicode char U+0219 (decimal 537)
   defining Unicode char U+021A (decimal 538)
   defining Unicode char U+021B (decimal 539)
   defining Unicode char U+2013 (decimal 8211)
   defining Unicode char U+2014 (decimal 8212)
   defining Unicode char U+2018 (decimal 8216)
   defining Unicode char U+2019 (decimal 8217)
   defining Unicode char U+201C (decimal 8220)
   defining Unicode char U+201D (decimal 8221)
)
Now handling font encoding OMS ...
... processing UTF-8 mapping file for font encoding OMS

(d:/texlive/2017/texmf-dist/tex/latex/base/omsenc.dfu
File: omsenc.dfu 2017/01/28 v1.1t UTF-8 support for inputenc
   defining Unicode char U+00A7 (decimal 167)
   defining Unicode char U+00B6 (decimal 182)
   defining Unicode char U+00B7 (decimal 183)
   defining Unicode char U+2020 (decimal 8224)
   defining Unicode char U+2021 (decimal 8225)
   defining Unicode char U+2022 (decimal 8226)
)
Now handling font encoding OMX ...
... no UTF-8 mapping file for font encoding OMX
Now handling font encoding U ...
... no UTF-8 mapping file for font encoding U
   defining Unicode char U+00A9 (decimal 169)
   defining Unicode char U+00AA (decimal 170)
   defining Unicode char U+00AE (decimal 174)
   defining Unicode char U+00BA (decimal 186)
   defining Unicode char U+02C6 (decimal 710)
   defining Unicode char U+02DC (decimal 732)
   defining Unicode char U+200C (decimal 8204)
   defining Unicode char U+2026 (decimal 8230)
   defining Unicode char U+2122 (decimal 8482)
   defining Unicode char U+2423 (decimal 9251)
))
(d:/texlive/2017/texmf-dist/tex/generic/babel/babel.sty
Package: babel 2017/05/19 3.10 The Babel package

(d:/texlive/2017/texmf-dist/tex/generic/babel-italian/italian.ldf
Language: italian 2015/03/26 v1.3n Italian support from the babel system

(d:/texlive/2017/texmf-dist/tex/generic/babel/babel.def
File: babel.def 2017/05/19 3.10 Babel common definitions
\babel@savecnt=\count88
\U@D=\dimen103
)
\it@lettering=\count89
\it@doublequoteactive=\count90
\it@ISOcompliance=\count91
))
(d:/texlive/2017/texmf-dist/tex/latex/etoolbox/etoolbox.sty
Package: etoolbox 2017/01/02 v2.4 e-TeX tools for LaTeX (JAW)
\etb@tempcnta=\count92
)
(d:/texlive/2017/texmf-dist/tex/latex/tools/varioref.sty
Package: varioref 2016/02/16 v1.5c package for extended references (FMi)
\c@vrcnt=\count93
)
(d:/texlive/2017/texmf-dist/tex/latex/pdfpages/pdfpages.sty
Package: pdfpages 2017/01/14 v0.5h Insert pages of external PDF documents (AM)

(d:/texlive/2017/texmf-dist/tex/latex/base/ifthen.sty
Package: ifthen 2014/09/29 v1.1c Standard LaTeX ifthen package (DPC)
)
(d:/texlive/2017/texmf-dist/tex/latex/tools/calc.sty
Package: calc 2014/10/28 v4.3 Infix arithmetic (KKT,FJ)
\calc@Acount=\count94
\calc@Bcount=\count95
\calc@Adimen=\dimen104
\calc@Bdimen=\dimen105
\calc@Askip=\skip43
\calc@Bskip=\skip44
LaTeX Info: Redefining \setlength on input line 80.
LaTeX Info: Redefining \addtolength on input line 81.
\calc@Ccount=\count96
\calc@Cskip=\skip45
)
(d:/texlive/2017/texmf-dist/tex/latex/eso-pic/eso-pic.sty
Package: eso-pic 2015/07/21 v2.0g eso-pic (RN)

(d:/texlive/2017/texmf-dist/tex/generic/oberdiek/atbegshi.sty
Package: atbegshi 2016/06/09 v1.18 At begin shipout hook (HO)

(d:/texlive/2017/texmf-dist/tex/generic/oberdiek/infwarerr.sty
Package: infwarerr 2016/05/16 v1.4 Providing info/warning/error messages (HO)
)
(d:/texlive/2017/texmf-dist/tex/generic/oberdiek/ltxcmds.sty
Package: ltxcmds 2016/05/16 v1.23 LaTeX kernel commands for general use (HO)
)
(d:/texlive/2017/texmf-dist/tex/generic/oberdiek/ifpdf.sty
Package: ifpdf 2017/03/15 v3.2 Provides the ifpdf switch
))
(d:/texlive/2017/texmf-dist/tex/latex/graphics/keyval.sty
Package: keyval 2014/10/28 v1.15 key=value parser (DPC)
\KV@toks@=\toks16
)
(d:/texlive/2017/texmf-dist/tex/latex/xcolor/xcolor.sty
Package: xcolor 2016/05/11 v2.12 LaTeX color extensions (UK)

(d:/texlive/2017/texmf-dist/tex/latex/graphics-cfg/color.cfg
File: color.cfg 2016/01/02 v1.6 sample color configuration
)
Package xcolor Info: Driver file: pdftex.def on input line 225.

(d:/texlive/2017/texmf-dist/tex/latex/graphics-def/pdftex.def
File: pdftex.def 2017/01/12 v0.06k Graphics/color for pdfTeX
\Gread@gobject=\count97
)
Package xcolor Info: Model `cmy' substituted by `cmy0' on input line 1348.
Package xcolor Info: Model `hsb' substituted by `rgb' on input line 1352.
Package xcolor Info: Model `RGB' extended on input line 1364.
Package xcolor Info: Model `HTML' substituted by `rgb' on input line 1366.
Package xcolor Info: Model `Hsb' substituted by `hsb' on input line 1367.
Package xcolor Info: Model `tHsb' substituted by `hsb' on input line 1368.
Package xcolor Info: Model `HSB' substituted by `hsb' on input line 1369.
Package xcolor Info: Model `Gray' substituted by `gray' on input line 1370.
Package xcolor Info: Model `wave' substituted by `hsb' on input line 1371.
))
(d:/texlive/2017/texmf-dist/tex/latex/graphics/graphicx.sty
Package: graphicx 2014/10/28 v1.0g Enhanced LaTeX Graphics (DPC,SPQR)

(d:/texlive/2017/texmf-dist/tex/latex/graphics/graphics.sty
Package: graphics 2017/04/14 v1.1b Standard LaTeX Graphics (DPC,SPQR)

(d:/texlive/2017/texmf-dist/tex/latex/graphics/trig.sty
Package: trig 2016/01/03 v1.10 sin cos tan (DPC)
)
(d:/texlive/2017/texmf-dist/tex/latex/graphics-cfg/graphics.cfg
File: graphics.cfg 2016/06/04 v1.11 sample graphics configuration
)
Package graphics Info: Driver file: pdftex.def on input line 99.
)
\Gin@req@height=\dimen106
\Gin@req@width=\dimen107
)
\AM@pagewidth=\dimen108
\AM@pageheight=\dimen109

(d:/texlive/2017/texmf-dist/tex/latex/pdfpages/pppdftex.def
File: pppdftex.def 2017/01/14 v0.5h Pdfpages driver for pdfTeX (AM)
)
\AM@pagebox=\box26
\AM@global@opts=\toks17
\AM@toc@title=\toks18
\c@AM@survey=\count98
\AM@templatesizebox=\box27
)
(d:/texlive/2017/texmf-dist/tex/latex/hyperref/hyperref.sty
Package: hyperref 2017/03/14 v6.85a Hypertext links for LaTeX

(d:/texlive/2017/texmf-dist/tex/generic/oberdiek/hobsub-hyperref.sty
Package: hobsub-hyperref 2016/05/16 v1.14 Bundle oberdiek, subset hyperref (HO)


(d:/texlive/2017/texmf-dist/tex/generic/oberdiek/hobsub-generic.sty
Package: hobsub-generic 2016/05/16 v1.14 Bundle oberdiek, subset generic (HO)
Package: hobsub 2016/05/16 v1.14 Construct package bundles (HO)
Package hobsub Info: Skipping package `infwarerr' (already loaded).
Package hobsub Info: Skipping package `ltxcmds' (already loaded).
Package: ifluatex 2016/05/16 v1.4 Provides the ifluatex switch (HO)
Package ifluatex Info: LuaTeX not detected.
Package: ifvtex 2016/05/16 v1.6 Detect VTeX and its facilities (HO)
Package ifvtex Info: VTeX not detected.
Package: intcalc 2016/05/16 v1.2 Expandable calculations with integers (HO)
Package hobsub Info: Skipping package `ifpdf' (already loaded).
Package: etexcmds 2016/05/16 v1.6 Avoid name clashes with e-TeX commands (HO)
Package etexcmds Info: Could not find \expanded.
(etexcmds)             That can mean that you are not using pdfTeX 1.50 or
(etexcmds)             that some package has redefined \expanded.
(etexcmds)             In the latter case, load this package earlier.
Package: kvsetkeys 2016/05/16 v1.17 Key value parser (HO)
Package: kvdefinekeys 2016/05/16 v1.4 Define keys (HO)
Package: pdftexcmds 2017/03/19 v0.25 Utility functions of pdfTeX for LuaTeX (HO
)
Package pdftexcmds Info: LuaTeX not detected.
Package pdftexcmds Info: \pdf@primitive is available.
Package pdftexcmds Info: \pdf@ifprimitive is available.
Package pdftexcmds Info: \pdfdraftmode found.
Package: pdfescape 2016/05/16 v1.14 Implements pdfTeX's escape features (HO)
Package: bigintcalc 2016/05/16 v1.4 Expandable calculations on big integers (HO
)
Package: bitset 2016/05/16 v1.2 Handle bit-vector datatype (HO)
Package: uniquecounter 2016/05/16 v1.3 Provide unlimited unique counter (HO)
)
Package hobsub Info: Skipping package `hobsub' (already loaded).
Package: letltxmacro 2016/05/16 v1.5 Let assignment for LaTeX macros (HO)
Package: hopatch 2016/05/16 v1.3 Wrapper for package hooks (HO)
Package: xcolor-patch 2016/05/16 xcolor patch
Package: atveryend 2016/05/16 v1.9 Hooks at the very end of document (HO)
Package hobsub Info: Skipping package `atbegshi' (already loaded).
Package: refcount 2016/05/16 v3.5 Data extraction from label references (HO)
Package: hycolor 2016/05/16 v1.8 Color options for hyperref/bookmark (HO)
)
(d:/texlive/2017/texmf-dist/tex/generic/ifxetex/ifxetex.sty
Package: ifxetex 2010/09/12 v0.6 Provides ifxetex conditional
)
(d:/texlive/2017/texmf-dist/tex/latex/oberdiek/auxhook.sty
Package: auxhook 2016/05/16 v1.4 Hooks for auxiliary files (HO)
)
(d:/texlive/2017/texmf-dist/tex/latex/oberdiek/kvoptions.sty
Package: kvoptions 2016/05/16 v3.12 Key value format for package options (HO)
)
\@linkdim=\dimen110
\Hy@linkcounter=\count99
\Hy@pagecounter=\count100

(d:/texlive/2017/texmf-dist/tex/latex/hyperref/pd1enc.def
File: pd1enc.def 2017/03/14 v6.85a Hyperref: PDFDocEncoding definition (HO)
Now handling font encoding PD1 ...
... no UTF-8 mapping file for font encoding PD1
)
\Hy@SavedSpaceFactor=\count101

(d:/texlive/2017/texmf-dist/tex/latex/latexconfig/hyperref.cfg
File: hyperref.cfg 2002/06/06 v1.2 hyperref configuration of TeXLive
)
Package hyperref Info: Hyper figures OFF on input line 4498.
Package hyperref Info: Link nesting OFF on input line 4503.
Package hyperref Info: Hyper index ON on input line 4506.
Package hyperref Info: Plain pages OFF on input line 4513.
Package hyperref Info: Backreferencing OFF on input line 4518.
Package hyperref Info: Implicit mode ON; LaTeX internals redefined.
Package hyperref Info: Bookmarks ON on input line 4751.
\c@Hy@tempcnt=\count102

(d:/texlive/2017/texmf-dist/tex/latex/url/url.sty
\Urlmuskip=\muskip10
Package: url 2013/09/16  ver 3.4  Verb mode for urls, etc.
)
LaTeX Info: Redefining \url on input line 5104.
\XeTeXLinkMargin=\dimen111
\Fld@menulength=\count103
\Field@Width=\dimen112
\Fld@charsize=\dimen113
Package hyperref Info: Hyper figures OFF on input line 6358.
Package hyperref Info: Link nesting OFF on input line 6363.
Package hyperref Info: Hyper index ON on input line 6366.
Package hyperref Info: backreferencing OFF on input line 6373.
Package hyperref Info: Link coloring OFF on input line 6378.
Package hyperref Info: Link coloring with OCG OFF on input line 6383.
Package hyperref Info: PDF/A mode OFF on input line 6388.
LaTeX Info: Redefining \ref on input line 6428.
LaTeX Info: Redefining \pageref on input line 6432.
\Hy@abspage=\count104
\c@Item=\count105
\c@Hfootnote=\count106
)

Package hyperref Message: Driver (autodetected): hpdftex.

(d:/texlive/2017/texmf-dist/tex/latex/hyperref/hpdftex.def
File: hpdftex.def 2017/03/14 v6.85a Hyperref driver for pdfTeX
\Fld@listcount=\count107
\c@bookmark@seq@number=\count108

(d:/texlive/2017/texmf-dist/tex/latex/oberdiek/rerunfilecheck.sty
Package: rerunfilecheck 2016/05/16 v1.8 Rerun checks for auxiliary files (HO)
Package uniquecounter Info: New unique counter `rerunfilecheck' on input line 2
82.
)
\Hy@SectionHShift=\skip46
)
(d:/texlive/2017/texmf-dist/tex/latex/emptypage/emptypage.sty
Package: emptypage 2010/05/30 v1.2 Suppress page numbers and headings on empty 
pages
)
(d:/texlive/2017/texmf-dist/tex/latex/fancyhdr/fancyhdr.sty
Package: fancyhdr 2016/09/06 3.8 Extensive control of page headers and footers
\fancy@headwidth=\skip47
\f@ncyO@elh=\skip48
\f@ncyO@erh=\skip49
\f@ncyO@olh=\skip50
\f@ncyO@orh=\skip51
\f@ncyO@elf=\skip52
\f@ncyO@erf=\skip53
\f@ncyO@olf=\skip54
\f@ncyO@orf=\skip55
)
(d:/texlive/2017/texmf-dist/tex/latex/microtype/microtype.sty
Package: microtype 2016/05/14 v2.6a Micro-typographical refinements (RS)
\MT@toks=\toks19
\MT@count=\count109
LaTeX Info: Redefining \textls on input line 774.
\MT@outer@kern=\dimen114
LaTeX Info: Redefining \textmicrotypecontext on input line 1310.
\MT@listname@count=\count110

(d:/texlive/2017/texmf-dist/tex/latex/microtype/microtype-pdftex.def
File: microtype-pdftex.def 2016/05/14 v2.6a Definitions specific to pdftex (RS)

LaTeX Info: Redefining \lsstyle on input line 916.
LaTeX Info: Redefining \lslig on input line 916.
\MT@outer@space=\skip56
)
Package microtype Info: Loading configuration file microtype.cfg.

(d:/texlive/2017/texmf-dist/tex/latex/microtype/microtype.cfg
File: microtype.cfg 2016/05/14 v2.6a microtype main configuration file (RS)
))
(d:/texlive/2017/texmf-dist/tex/latex/siunitx/siunitx.sty
(d:/texlive/2017/texmf-dist/tex/latex/l3kernel/expl3.sty
Package: expl3 2017/05/13 L3 programming layer (loader) 

(d:/texlive/2017/texmf-dist/tex/latex/l3kernel/expl3-code.tex
Package: expl3 2017/05/13 L3 programming layer (code)
\c_max_int=\count111
\l_tmpa_int=\count112
\l_tmpb_int=\count113
\g_tmpa_int=\count114
\g_tmpb_int=\count115
\g__prg_map_int=\count116
\c_log_iow=\count117
\l_iow_line_count_int=\count118
\l__iow_line_target_int=\count119
\l__iow_one_indent_int=\count120
\l__iow_indent_int=\count121
\c_zero_dim=\dimen115
\c_max_dim=\dimen116
\l_tmpa_dim=\dimen117
\l_tmpb_dim=\dimen118
\g_tmpa_dim=\dimen119
\g_tmpb_dim=\dimen120
\c_zero_skip=\skip57
\c_max_skip=\skip58
\l_tmpa_skip=\skip59
\l_tmpb_skip=\skip60
\g_tmpa_skip=\skip61
\g_tmpb_skip=\skip62
\c_zero_muskip=\muskip11
\c_max_muskip=\muskip12
\l_tmpa_muskip=\muskip13
\l_tmpb_muskip=\muskip14
\g_tmpa_muskip=\muskip15
\g_tmpb_muskip=\muskip16
\l_keys_choice_int=\count122
\c__fp_leading_shift_int=\count123
\c__fp_middle_shift_int=\count124
\c__fp_trailing_shift_int=\count125
\c__fp_big_leading_shift_int=\count126
\c__fp_big_middle_shift_int=\count127
\c__fp_big_trailing_shift_int=\count128
\c__fp_Bigg_leading_shift_int=\count129
\c__fp_Bigg_middle_shift_int=\count130
\c__fp_Bigg_trailing_shift_int=\count131
\c__fp_rand_size_int=\count132
\c__fp_rand_four_int=\count133
\c__fp_rand_eight_int=\count134
\l__sort_length_int=\count135
\l__sort_min_int=\count136
\l__sort_top_int=\count137
\l__sort_max_int=\count138
\l__sort_true_max_int=\count139
\l__sort_block_int=\count140
\l__sort_begin_int=\count141
\l__sort_end_int=\count142
\l__sort_A_int=\count143
\l__sort_B_int=\count144
\l__sort_C_int=\count145
\c_empty_box=\box28
\l_tmpa_box=\box29
\l_tmpb_box=\box30
\g_tmpa_box=\box31
\g_tmpb_box=\box32
\l__box_top_dim=\dimen121
\l__box_bottom_dim=\dimen122
\l__box_left_dim=\dimen123
\l__box_right_dim=\dimen124
\l__box_top_new_dim=\dimen125
\l__box_bottom_new_dim=\dimen126
\l__box_left_new_dim=\dimen127
\l__box_right_new_dim=\dimen128
\l__box_internal_box=\box33
\l__coffin_internal_box=\box34
\l__coffin_internal_dim=\dimen129
\l__coffin_offset_x_dim=\dimen130
\l__coffin_offset_y_dim=\dimen131
\l__coffin_x_dim=\dimen132
\l__coffin_y_dim=\dimen133
\l__coffin_x_prime_dim=\dimen134
\l__coffin_y_prime_dim=\dimen135
\c_empty_coffin=\box35
\l__coffin_aligned_coffin=\box36
\l__coffin_aligned_internal_coffin=\box37
\l_tmpa_coffin=\box38
\l_tmpb_coffin=\box39
\l__coffin_display_coffin=\box40
\l__coffin_display_coord_coffin=\box41
\l__coffin_display_pole_coffin=\box42
\l__coffin_display_offset_dim=\dimen136
\l__coffin_display_x_dim=\dimen137
\l__coffin_display_y_dim=\dimen138
\l__coffin_bounding_shift_dim=\dimen139
\l__coffin_left_corner_dim=\dimen140
\l__coffin_right_corner_dim=\dimen141
\l__coffin_bottom_corner_dim=\dimen142
\l__coffin_top_corner_dim=\dimen143
\l__coffin_scaled_total_height_dim=\dimen144
\l__coffin_scaled_width_dim=\dimen145
)
(d:/texlive/2017/texmf-dist/tex/latex/l3kernel/l3pdfmode.def
File: l3pdfmode.def 2017/03/18 v L3 Experimental driver: PDF mode
\l__driver_color_stack_int=\count146
\l__driver_tmp_box=\box43
))
(d:/texlive/2017/texmf-dist/tex/latex/l3packages/xparse/xparse.sty
Package: xparse 2017/05/13 L3 Experimental document command parser
\l__xparse_current_arg_int=\count147
\g__xparse_grabber_int=\count148
\l__xparse_m_args_int=\count149
\l__xparse_mandatory_args_int=\count150
\l__xparse_v_nesting_int=\count151
)
Package: siunitx 2017/05/19 v2.7g A comprehensive (SI) units package

(d:/texlive/2017/texmf-dist/tex/latex/amsmath/amstext.sty
Package: amstext 2000/06/29 v2.01 AMS text

(d:/texlive/2017/texmf-dist/tex/latex/amsmath/amsgen.sty
File: amsgen.sty 1999/11/30 v2.0 generic functions
\@emptytoks=\toks20
\ex@=\dimen146
))
(d:/texlive/2017/texmf-dist/tex/latex/tools/array.sty
Package: array 2016/10/06 v2.4d Tabular extension package (FMi)
\col@sep=\dimen147
\extrarowheight=\dimen148
\NC@list=\toks21
\extratabsurround=\skip63
\backup@length=\skip64
)
(d:/texlive/2017/texmf-dist/tex/latex/l3packages/l3keys2e/l3keys2e.sty
Package: l3keys2e 2017/05/13 LaTeX2e option processing using LaTeX3 keys
)
\l__siunitx_tmp_box=\box44
\l__siunitx_tmp_dim=\dimen149
\l__siunitx_tmp_int=\count152
\l__siunitx_number_mantissa_length_int=\count153
\l__siunitx_number_uncert_length_int=\count154
\l__siunitx_round_int=\count155
\l__siunitx_process_decimal_int=\count156
\l__siunitx_process_uncertainty_int=\count157
\l__siunitx_process_fixed_int=\count158
\l__siunitx_process_integer_min_int=\count159
\l__siunitx_process_precision_int=\count160
\l__siunitx_group_min_int=\count161
\l__siunitx_angle_marker_box=\box45
\l__siunitx_angle_unit_box=\box46
\l__siunitx_angle_marker_dim=\dimen150
\l__siunitx_angle_unit_dim=\dimen151
\l__siunitx_unit_int=\count162
\l__siunitx_unit_denominator_int=\count163
\l__siunitx_unit_numerator_int=\count164
\l__siunitx_unit_prefix_int=\count165
\l__siunitx_unit_prefix_base_int=\count166
\l__siunitx_unit_prefix_gram_int=\count167
\l__siunitx_number_product_int=\count168
\c__siunitx_one_fill_skip=\skip65
\l__siunitx_table_unit_align_skip=\skip66
\l__siunitx_table_exponent_dim=\dimen152
\l__siunitx_table_integer_dim=\dimen153
\l__siunitx_table_mantissa_dim=\dimen154
\l__siunitx_table_marker_dim=\dimen155
\l__siunitx_table_result_dim=\dimen156
\l__siunitx_table_uncert_dim=\dimen157
\l__siunitx_table_fill_pre_dim=\dimen158
\l__siunitx_table_fill_post_dim=\dimen159
\l__siunitx_table_fill_mid_dim=\dimen160
\l__siunitx_table_pre_box=\box47
\l__siunitx_table_post_box=\box48
\l__siunitx_table_mantissa_box=\box49
\l__siunitx_table_result_box=\box50
\l__siunitx_table_number_align_skip=\skip67
\l__siunitx_table_text_align_skip=\skip68
.................................................
. LaTeX info: "xparse/define-command"
. 
. Defining command \DeclareBinaryPrefix with sig. 'mmm' on line 7251.
.................................................
.................................................
. LaTeX info: "xparse/define-command"
. 
. Defining command \DeclareSIPostPower with sig. 'mm' on line 7254.
.................................................
.................................................
. LaTeX info: "xparse/define-command"
. 
. Defining command \DeclareSIPrefix with sig. 'mmm' on line 7257.
.................................................
.................................................
. LaTeX info: "xparse/define-command"
. 
. Defining command \DeclareSIPrePower with sig. 'mm' on line 7260.
.................................................
.................................................
. LaTeX info: "xparse/define-command"
. 
. Defining command \DeclareSIQualifier with sig. 'mm' on line 7263.
.................................................
.................................................
. LaTeX info: "xparse/define-command"
. 
. Defining command \DeclareSIUnit with sig. 'O{}mm' on line 7266.
.................................................
.................................................
. LaTeX info: "xparse/define-command"
. 
. Defining command \DeclareSIUnitWithOptions with sig. 'mmm' on line 7269.
.................................................
.................................................
. LaTeX info: "xparse/define-command"
. 
. Defining command \ang with sig. 'o>{\SplitArgument {2}{;}}m' on line 7284.
.................................................
.................................................
. LaTeX info: "xparse/define-command"
. 
. Defining command \num with sig. 'om' on line 7293.
.................................................
.................................................
. LaTeX info: "xparse/define-command"
. 
. Defining command \numlist with sig. 'o>{\SplitList {;}}m' on line 7302.
.................................................
.................................................
. LaTeX info: "xparse/define-command"
. 
. Defining command \numrange with sig. 'omm' on line 7311.
.................................................
.................................................
. LaTeX info: "xparse/define-command"
. 
. Defining command \SIlist with sig. 'o>{\SplitList {;}}mm' on line 7323.
.................................................
.................................................
. LaTeX info: "xparse/define-command"
. 
. Defining command \SIrange with sig. 'ommm' on line 7335.
.................................................
.................................................
. LaTeX info: "xparse/define-command"
. 
. Defining command \SI with sig. 'omom' on line 7347.
.................................................
.................................................
. LaTeX info: "xparse/define-command"
. 
. Defining command \sisetup with sig. 'm' on line 7350.
.................................................
.................................................
. LaTeX info: "xparse/define-command"
. 
. Defining command \tablenum with sig. 'om' on line 7365.
.................................................
.................................................
. LaTeX info: "xparse/define-command"
. 
. Defining command \si with sig. 'om' on line 7377.
.................................................
.................................................
. LaTeX info: "xparse/define-command"
. 
. Defining command \numInBookmark with sig. 'om' on line 7424.
.................................................
.................................................
. LaTeX info: "xparse/define-command"
. 
. Defining command \numrangeInBookmark with sig. 'omm' on line 7426.
.................................................
.................................................
. LaTeX info: "xparse/define-command"
. 
. Defining command \SIInBookmark with sig. 'omom' on line 7428.
.................................................
.................................................
. LaTeX info: "xparse/define-command"
. 
. Defining command \SIlistInBookmark with sig. 'omm' on line 7430.
.................................................
.................................................
. LaTeX info: "xparse/define-command"
. 
. Defining command \SIrangeInBookmark with sig. 'ommm' on line 7432.
.................................................
.................................................
. LaTeX info: "xparse/define-command"
. 
. Defining command \siInBookmark with sig. 'om' on line 7433.
.................................................
\g__file_internal_ior=\read1

(d:/texlive/2017/texmf-dist/tex/latex/beamer/translator/translator.sty
Package: translator 2010/06/12 ver 1.10

(d:/texlive/2017/texmf-dist/tex/latex/beamer/translator/translator-language-map
pings.tex))) (d:/texlive/2017/texmf-dist/tex/latex/base/textcomp.sty
Package: textcomp 2017/04/05 v2.0i Standard LaTeX package
Package textcomp Info: Sub-encoding information:
(textcomp)               5 = only ISO-Adobe without \textcurrency
(textcomp)               4 = 5 + \texteuro
(textcomp)               3 = 4 + \textohm
(textcomp)               2 = 3 + \textestimated + \textcurrency
(textcomp)               1 = TS1 - \textcircled - \t
(textcomp)               0 = TS1 (full)
(textcomp)             Font families with sub-encoding setting implement
(textcomp)             only a restricted character set as indicated.
(textcomp)             Family '?' is the default used for unknown fonts.
(textcomp)             See the documentation for details.
Package textcomp Info: Setting ? sub-encoding to TS1/1 on input line 79.

(d:/texlive/2017/texmf-dist/tex/latex/base/ts1enc.def
File: ts1enc.def 2001/06/05 v3.0e (jk/car/fm) Standard LaTeX file
Now handling font encoding TS1 ...
... processing UTF-8 mapping file for font encoding TS1

(d:/texlive/2017/texmf-dist/tex/latex/base/ts1enc.dfu
File: ts1enc.dfu 2017/01/28 v1.1t UTF-8 support for inputenc
   defining Unicode char U+00A2 (decimal 162)
   defining Unicode char U+00A3 (decimal 163)
   defining Unicode char U+00A4 (decimal 164)
   defining Unicode char U+00A5 (decimal 165)
   defining Unicode char U+00A6 (decimal 166)
   defining Unicode char U+00A7 (decimal 167)
   defining Unicode char U+00A8 (decimal 168)
   defining Unicode char U+00A9 (decimal 169)
   defining Unicode char U+00AA (decimal 170)
   defining Unicode char U+00AC (decimal 172)
   defining Unicode char U+00AE (decimal 174)
   defining Unicode char U+00AF (decimal 175)
   defining Unicode char U+00B0 (decimal 176)
   defining Unicode char U+00B1 (decimal 177)
   defining Unicode char U+00B2 (decimal 178)
   defining Unicode char U+00B3 (decimal 179)
   defining Unicode char U+00B4 (decimal 180)
   defining Unicode char U+00B5 (decimal 181)
   defining Unicode char U+00B6 (decimal 182)
   defining Unicode char U+00B7 (decimal 183)
   defining Unicode char U+00B9 (decimal 185)
   defining Unicode char U+00BA (decimal 186)
   defining Unicode char U+00BC (decimal 188)
   defining Unicode char U+00BD (decimal 189)
   defining Unicode char U+00BE (decimal 190)
   defining Unicode char U+00D7 (decimal 215)
   defining Unicode char U+00F7 (decimal 247)
   defining Unicode char U+0192 (decimal 402)
   defining Unicode char U+02C7 (decimal 711)
   defining Unicode char U+02D8 (decimal 728)
   defining Unicode char U+02DD (decimal 733)
   defining Unicode char U+0E3F (decimal 3647)
   defining Unicode char U+2016 (decimal 8214)
   defining Unicode char U+2020 (decimal 8224)
   defining Unicode char U+2021 (decimal 8225)
   defining Unicode char U+2022 (decimal 8226)
   defining Unicode char U+2030 (decimal 8240)
   defining Unicode char U+2031 (decimal 8241)
   defining Unicode char U+203B (decimal 8251)
   defining Unicode char U+203D (decimal 8253)
   defining Unicode char U+2044 (decimal 8260)
   defining Unicode char U+204E (decimal 8270)
   defining Unicode char U+2052 (decimal 8274)
   defining Unicode char U+20A1 (decimal 8353)
   defining Unicode char U+20A4 (decimal 8356)
   defining Unicode char U+20A6 (decimal 8358)
   defining Unicode char U+20A9 (decimal 8361)
   defining Unicode char U+20AB (decimal 8363)
   defining Unicode char U+20AC (decimal 8364)
   defining Unicode char U+20B1 (decimal 8369)
   defining Unicode char U+2103 (decimal 8451)
   defining Unicode char U+2116 (decimal 8470)
   defining Unicode char U+2117 (decimal 8471)
   defining Unicode char U+211E (decimal 8478)
   defining Unicode char U+2120 (decimal 8480)
   defining Unicode char U+2122 (decimal 8482)
   defining Unicode char U+2126 (decimal 8486)
   defining Unicode char U+2127 (decimal 8487)
   defining Unicode char U+212E (decimal 8494)
   defining Unicode char U+2190 (decimal 8592)
   defining Unicode char U+2191 (decimal 8593)
   defining Unicode char U+2192 (decimal 8594)
   defining Unicode char U+2193 (decimal 8595)
   defining Unicode char U+2329 (decimal 9001)
   defining Unicode char U+232A (decimal 9002)
   defining Unicode char U+2422 (decimal 9250)
   defining Unicode char U+25E6 (decimal 9702)
   defining Unicode char U+25EF (decimal 9711)
   defining Unicode char U+266A (decimal 9834)
))
LaTeX Info: Redefining \oldstylenums on input line 334.
Package textcomp Info: Setting cmr sub-encoding to TS1/0 on input line 349.
Package textcomp Info: Setting cmss sub-encoding to TS1/0 on input line 350.
Package textcomp Info: Setting cmtt sub-encoding to TS1/0 on input line 351.
Package textcomp Info: Setting cmvtt sub-encoding to TS1/0 on input line 352.
Package textcomp Info: Setting cmbr sub-encoding to TS1/0 on input line 353.
Package textcomp Info: Setting cmtl sub-encoding to TS1/0 on input line 354.
Package textcomp Info: Setting ccr sub-encoding to TS1/0 on input line 355.
Package textcomp Info: Setting ptm sub-encoding to TS1/4 on input line 356.
Package textcomp Info: Setting pcr sub-encoding to TS1/4 on input line 357.
Package textcomp Info: Setting phv sub-encoding to TS1/4 on input line 358.
Package textcomp Info: Setting ppl sub-encoding to TS1/3 on input line 359.
Package textcomp Info: Setting pag sub-encoding to TS1/4 on input line 360.
Package textcomp Info: Setting pbk sub-encoding to TS1/4 on input line 361.
Package textcomp Info: Setting pnc sub-encoding to TS1/4 on input line 362.
Package textcomp Info: Setting pzc sub-encoding to TS1/4 on input line 363.
Package textcomp Info: Setting bch sub-encoding to TS1/4 on input line 364.
Package textcomp Info: Setting put sub-encoding to TS1/5 on input line 365.
Package textcomp Info: Setting uag sub-encoding to TS1/5 on input line 366.
Package textcomp Info: Setting ugq sub-encoding to TS1/5 on input line 367.
Package textcomp Info: Setting ul8 sub-encoding to TS1/4 on input line 368.
Package textcomp Info: Setting ul9 sub-encoding to TS1/4 on input line 369.
Package textcomp Info: Setting augie sub-encoding to TS1/5 on input line 370.
Package textcomp Info: Setting dayrom sub-encoding to TS1/3 on input line 371.
Package textcomp Info: Setting dayroms sub-encoding to TS1/3 on input line 372.

Package textcomp Info: Setting pxr sub-encoding to TS1/0 on input line 373.
Package textcomp Info: Setting pxss sub-encoding to TS1/0 on input line 374.
Package textcomp Info: Setting pxtt sub-encoding to TS1/0 on input line 375.
Package textcomp Info: Setting txr sub-encoding to TS1/0 on input line 376.
Package textcomp Info: Setting txss sub-encoding to TS1/0 on input line 377.
Package textcomp Info: Setting txtt sub-encoding to TS1/0 on input line 378.
Package textcomp Info: Setting lmr sub-encoding to TS1/0 on input line 379.
Package textcomp Info: Setting lmdh sub-encoding to TS1/0 on input line 380.
Package textcomp Info: Setting lmss sub-encoding to TS1/0 on input line 381.
Package textcomp Info: Setting lmssq sub-encoding to TS1/0 on input line 382.
Package textcomp Info: Setting lmvtt sub-encoding to TS1/0 on input line 383.
Package textcomp Info: Setting lmtt sub-encoding to TS1/0 on input line 384.
Package textcomp Info: Setting qhv sub-encoding to TS1/0 on input line 385.
Package textcomp Info: Setting qag sub-encoding to TS1/0 on input line 386.
Package textcomp Info: Setting qbk sub-encoding to TS1/0 on input line 387.
Package textcomp Info: Setting qcr sub-encoding to TS1/0 on input line 388.
Package textcomp Info: Setting qcs sub-encoding to TS1/0 on input line 389.
Package textcomp Info: Setting qpl sub-encoding to TS1/0 on input line 390.
Package textcomp Info: Setting qtm sub-encoding to TS1/0 on input line 391.
Package textcomp Info: Setting qzc sub-encoding to TS1/0 on input line 392.
Package textcomp Info: Setting qhvc sub-encoding to TS1/0 on input line 393.
Package textcomp Info: Setting futs sub-encoding to TS1/4 on input line 394.
Package textcomp Info: Setting futx sub-encoding to TS1/4 on input line 395.
Package textcomp Info: Setting futj sub-encoding to TS1/4 on input line 396.
Package textcomp Info: Setting hlh sub-encoding to TS1/3 on input line 397.
Package textcomp Info: Setting hls sub-encoding to TS1/3 on input line 398.
Package textcomp Info: Setting hlst sub-encoding to TS1/3 on input line 399.
Package textcomp Info: Setting hlct sub-encoding to TS1/5 on input line 400.
Package textcomp Info: Setting hlx sub-encoding to TS1/5 on input line 401.
Package textcomp Info: Setting hlce sub-encoding to TS1/5 on input line 402.
Package textcomp Info: Setting hlcn sub-encoding to TS1/5 on input line 403.
Package textcomp Info: Setting hlcw sub-encoding to TS1/5 on input line 404.
Package textcomp Info: Setting hlcf sub-encoding to TS1/5 on input line 405.
Package textcomp Info: Setting pplx sub-encoding to TS1/3 on input line 406.
Package textcomp Info: Setting pplj sub-encoding to TS1/3 on input line 407.
Package textcomp Info: Setting ptmx sub-encoding to TS1/4 on input line 408.
Package textcomp Info: Setting ptmj sub-encoding to TS1/4 on input line 409.
)
(d:/texlive/2017/texmf-dist/tex/latex/csquotes/csquotes.sty
Package: csquotes 2017/03/11 v5.2b context-sensitive quotations (JAW)
\csq@reset=\count169
\csq@gtype=\count170
\csq@glevel=\count171
\csq@qlevel=\count172
\csq@maxlvl=\count173
\csq@tshold=\count174
\csq@ltx@everypar=\toks22

(d:/texlive/2017/texmf-dist/tex/latex/csquotes/csquotes.def
File: csquotes.def 2017/03/11 v5.2b csquotes generic definitions (JAW)
)
Package csquotes Info: Trying to load configuration file 'csquotes.cfg'...
Package csquotes Info: ... configuration file loaded successfully.

(d:/texlive/2017/texmf-dist/tex/latex/csquotes/csquotes.cfg
File: csquotes.cfg 
)
Package csquotes Info: Enabling multilingual quotes.
Package csquotes Info: Redefining alias 'italian' -> 'italian/guillemets'.
)
(d:/texlive/2017/texmf-dist/tex/latex/biblatex/biblatex.sty
Package: biblatex 2016/12/05 v3.7 programmable bibliographies (PK/JW/AB)

(d:/texlive/2017/texmf-dist/tex/latex/logreq/logreq.sty
Package: logreq 2010/08/04 v1.0 xml request logger
\lrq@indent=\count175

(d:/texlive/2017/texmf-dist/tex/latex/logreq/logreq.def
File: logreq.def 2010/08/04 v1.0 logreq spec v1.0
))
(d:/texlive/2017/texmf-dist/tex/generic/xstring/xstring.sty
(d:/texlive/2017/texmf-dist/tex/generic/xstring/xstring.tex
\@xs@message=\write3
\integerpart=\count176
\decimalpart=\count177
)
Package: xstring 2013/10/13  v1.7c  String manipulations (C Tellechea)
)
\c@tabx@nest=\count178
\c@listtotal=\count179
\c@listcount=\count180
\c@liststart=\count181
\c@liststop=\count182
\c@citecount=\count183
\c@citetotal=\count184
\c@multicitecount=\count185
\c@multicitetotal=\count186
\c@instcount=\count187
\c@maxnames=\count188
\c@minnames=\count189
\c@maxitems=\count190
\c@minitems=\count191
\c@citecounter=\count192
\c@savedcitecounter=\count193
\c@uniquelist=\count194
\c@uniquename=\count195
\c@refsection=\count196
\c@refsegment=\count197
\c@maxextratitle=\count198
\c@maxextratitleyear=\count199
\c@maxextrayear=\count266
\c@maxextraalpha=\count267
\c@abbrvpenalty=\count268
\c@highnamepenalty=\count269
\c@lownamepenalty=\count270
\c@maxparens=\count271
\c@parenlevel=\count272
\blx@tempcnta=\count273
\blx@tempcntb=\count274
\blx@tempcntc=\count275
\blx@maxsection=\count276
\blx@maxsegment@0=\count277
\blx@notetype=\count278
\blx@parenlevel@text=\count279
\blx@parenlevel@foot=\count280
\blx@sectionciteorder@0=\count281
\labelnumberwidth=\skip69
\labelalphawidth=\skip70
\biblabelsep=\skip71
\bibitemsep=\skip72
\bibnamesep=\skip73
\bibinitsep=\skip74
\bibparsep=\skip75
\bibhang=\skip76
\blx@bcfin=\read2
\blx@bcfout=\write4
\c@mincomprange=\count282
\c@maxcomprange=\count283
\c@mincompwidth=\count284
Package biblatex Info: Trying to load biblatex default data model...
Package biblatex Info: ... file 'blx-dm.def' found.

(d:/texlive/2017/texmf-dist/tex/latex/biblatex/blx-dm.def)
Package biblatex Info: Trying to load biblatex style data model...
Package biblatex Info: ... file 'numeric.dbx' not found.
Package biblatex Info: Trying to load biblatex custom data model...
Package biblatex Info: ... file 'biblatex-dm.cfg' not found.
\c@afterword=\count285
\c@savedafterword=\count286
\c@annotator=\count287
\c@savedannotator=\count288
\c@author=\count289
\c@savedauthor=\count290
\c@bookauthor=\count291
\c@savedbookauthor=\count292
\c@commentator=\count293
\c@savedcommentator=\count294
\c@editor=\count295
\c@savededitor=\count296
\c@editora=\count297
\c@savededitora=\count298
\c@editorb=\count299
\c@savededitorb=\count300
\c@editorc=\count301
\c@savededitorc=\count302
\c@foreword=\count303
\c@savedforeword=\count304
\c@holder=\count305
\c@savedholder=\count306
\c@introduction=\count307
\c@savedintroduction=\count308
\c@namea=\count309
\c@savednamea=\count310
\c@nameb=\count311
\c@savednameb=\count312
\c@namec=\count313
\c@savednamec=\count314
\c@translator=\count315
\c@savedtranslator=\count316
\c@shortauthor=\count317
\c@savedshortauthor=\count318
\c@shorteditor=\count319
\c@savedshorteditor=\count320
\c@labelname=\count321
\c@savedlabelname=\count322
\c@institution=\count323
\c@savedinstitution=\count324
\c@lista=\count325
\c@savedlista=\count326
\c@listb=\count327
\c@savedlistb=\count328
\c@listc=\count329
\c@savedlistc=\count330
\c@listd=\count331
\c@savedlistd=\count332
\c@liste=\count333
\c@savedliste=\count334
\c@listf=\count335
\c@savedlistf=\count336
\c@location=\count337
\c@savedlocation=\count338
\c@organization=\count339
\c@savedorganization=\count340
\c@origlocation=\count341
\c@savedoriglocation=\count342
\c@origpublisher=\count343
\c@savedorigpublisher=\count344
\c@publisher=\count345
\c@savedpublisher=\count346
\c@language=\count347
\c@savedlanguage=\count348
\c@pageref=\count349
\c@savedpageref=\count350
\shorthandwidth=\skip77
\shortjournalwidth=\skip78
\shortserieswidth=\skip79
\shorttitlewidth=\skip80
\shortauthorwidth=\skip81
\shorteditorwidth=\skip82
Package biblatex Info: Trying to load compatibility code...
Package biblatex Info: ... file 'blx-compat.def' found.

(d:/texlive/2017/texmf-dist/tex/latex/biblatex/blx-compat.def
File: blx-compat.def 2016/12/05 v3.7 biblatex compatibility (PK/JW/AB)
)
Package biblatex Info: Trying to load generic definitions...
Package biblatex Info: ... file 'biblatex.def' found.

(d:/texlive/2017/texmf-dist/tex/latex/biblatex/biblatex.def
File: biblatex.def 2016/12/05 v3.7 biblatex compatibility (PK/JW/AB)
\c@textcitecount=\count351
\c@textcitetotal=\count352
\c@textcitemaxnames=\count353
\c@biburlnumpenalty=\count354
\c@biburlucpenalty=\count355
\c@biburllcpenalty=\count356
\c@smartand=\count357
)
Package biblatex Info: Trying to load bibliography style 'numeric'...
Package biblatex Info: ... file 'numeric.bbx' found.

(d:/texlive/2017/texmf-dist/tex/latex/biblatex/bbx/numeric.bbx
File: numeric.bbx 2016/12/05 v3.7 biblatex bibliography style (PK/JW/AB)
Package biblatex Info: Trying to load bibliography style 'standard'...
Package biblatex Info: ... file 'standard.bbx' found.

(d:/texlive/2017/texmf-dist/tex/latex/biblatex/bbx/standard.bbx
File: standard.bbx 2016/12/05 v3.7 biblatex bibliography style (PK/JW/AB)
\c@bbx:relatedcount=\count358
\c@bbx:relatedtotal=\count359
))
Package biblatex Info: Trying to load citation style 'numeric'...
Package biblatex Info: ... file 'numeric.cbx' found.

(d:/texlive/2017/texmf-dist/tex/latex/biblatex/cbx/numeric.cbx
File: numeric.cbx 2016/12/05 v3.7 biblatex citation style (PK/JW/AB)
Package biblatex Info: Redefining '\cite'.
Package biblatex Info: Redefining '\parencite'.
Package biblatex Info: Redefining '\footcite'.
Package biblatex Info: Redefining '\footcitetext'.
Package biblatex Info: Redefining '\smartcite'.
Package biblatex Info: Redefining '\supercite'.
Package biblatex Info: Redefining '\textcite'.
Package biblatex Info: Redefining '\textcites'.
Package biblatex Info: Redefining '\cites'.
Package biblatex Info: Redefining '\parencites'.
Package biblatex Info: Redefining '\smartcites'.
)
Package biblatex Info: Trying to load configuration file...
Package biblatex Info: ... file 'biblatex.cfg' found.

(d:/texlive/2017/texmf-dist/tex/latex/biblatex/biblatex.cfg
File: biblatex.cfg 
))
(d:/texlive/2017/texmf-dist/tex/latex/booktabs/booktabs.sty
Package: booktabs 2016/04/27 v1.618033 publication quality tables
\heavyrulewidth=\dimen161
\lightrulewidth=\dimen162
\cmidrulewidth=\dimen163
\belowrulesep=\dimen164
\belowbottomsep=\dimen165
\aboverulesep=\dimen166
\abovetopsep=\dimen167
\cmidrulesep=\dimen168
\cmidrulekern=\dimen169
\defaultaddspace=\dimen170
\@cmidla=\count360
\@cmidlb=\count361
\@aboverulesep=\dimen171
\@belowrulesep=\dimen172
\@thisruleclass=\count362
\@lastruleclass=\count363
\@thisrulewidth=\dimen173
)
(d:/texlive/2017/texmf-dist/tex/latex/caption/caption.sty
Package: caption 2016/02/21 v3.3-144 Customizing captions (AR)

(d:/texlive/2017/texmf-dist/tex/latex/caption/caption3.sty
Package: caption3 2016/05/22 v1.7-166 caption3 kernel (AR)
Package caption3 Info: TeX engine: e-TeX on input line 67.
\captionmargin=\dimen174
\captionmargin@=\dimen175
\captionwidth=\dimen176
\caption@tempdima=\dimen177
\caption@indent=\dimen178
\caption@parindent=\dimen179
\caption@hangindent=\dimen180
)
\c@ContinuedFloat=\count364
Package caption Info: hyperref package is loaded.
)
(d:/texlive/2017/texmf-dist/tex/latex/quoting/quoting.sty
Package: quoting 2014/01/28 v0.1c Consolidated environment for displayed text
\quo@toppartop=\skip83
)
(d:/texlive/2017/texmf-dist/tex/latex/subfig/subfig.sty
Package: subfig 2005/06/28 ver: 1.3 subfig package
\c@KVtest=\count365
\sf@farskip=\skip84
\sf@captopadj=\dimen181
\sf@capskip=\skip85
\sf@nearskip=\skip86
\c@subfigure=\count366
\c@subfigure@save=\count367
\c@lofdepth=\count368
\c@subtable=\count369
\c@subtable@save=\count370
\c@lotdepth=\count371
\sf@top=\skip87
\sf@bottom=\skip88
)
(d:/texlive/2017/texmf-dist/tex/latex/mathtools/mathtools.sty
Package: mathtools 2015/11/12 v1.18 mathematical typesetting tools

(d:/texlive/2017/texmf-dist/tex/latex/mathtools/mhsetup.sty
Package: mhsetup 2010/01/21 v1.2a programming setup (MH)
)
(d:/texlive/2017/texmf-dist/tex/latex/amsmath/amsmath.sty
Package: amsmath 2016/11/05 v2.16a AMS math features
\@mathmargin=\skip89

For additional information on amsmath, use the `?' option.
(d:/texlive/2017/texmf-dist/tex/latex/amsmath/amsbsy.sty
Package: amsbsy 1999/11/29 v1.2d Bold Symbols
\pmbraise@=\dimen182
)
(d:/texlive/2017/texmf-dist/tex/latex/amsmath/amsopn.sty
Package: amsopn 2016/03/08 v2.02 operator names
)
\inf@bad=\count372
LaTeX Info: Redefining \frac on input line 213.
\uproot@=\count373
\leftroot@=\count374
LaTeX Info: Redefining \overline on input line 375.
\classnum@=\count375
\DOTSCASE@=\count376
LaTeX Info: Redefining \ldots on input line 472.
LaTeX Info: Redefining \dots on input line 475.
LaTeX Info: Redefining \cdots on input line 596.
\Mathstrutbox@=\box51
\strutbox@=\box52
\big@size=\dimen183
LaTeX Font Info:    Redeclaring font encoding OML on input line 712.
LaTeX Font Info:    Redeclaring font encoding OMS on input line 713.
\macc@depth=\count377
\c@MaxMatrixCols=\count378
\dotsspace@=\muskip17
\c@parentequation=\count379
\dspbrk@lvl=\count380
\tag@help=\toks23
\row@=\count381
\column@=\count382
\maxfields@=\count383
\andhelp@=\toks24
\eqnshift@=\dimen184
\alignsep@=\dimen185
\tagshift@=\dimen186
\tagwidth@=\dimen187
\totwidth@=\dimen188
\lineht@=\dimen189
\@envbody=\toks25
\multlinegap=\skip90
\multlinetaggap=\skip91
\mathdisplay@stack=\toks26
LaTeX Info: Redefining \[ on input line 2817.
LaTeX Info: Redefining \] on input line 2818.
)
LaTeX Info: Thecontrolsequence`\('isalreadyrobust on input line 129.
LaTeX Info: Thecontrolsequence`\)'isalreadyrobust on input line 129.
LaTeX Info: Thecontrolsequence`\['isalreadyrobust on input line 129.
LaTeX Info: Thecontrolsequence`\]'isalreadyrobust on input line 129.
\g_MT_multlinerow_int=\count384
\l_MT_multwidth_dim=\dimen190
\origjot=\skip92
\l_MT_shortvdotswithinadjustabove_dim=\dimen191
\l_MT_shortvdotswithinadjustbelow_dim=\dimen192
\l_MT_above_intertext_sep=\dimen193
\l_MT_below_intertext_sep=\dimen194
\l_MT_above_shortintertext_sep=\dimen195
\l_MT_below_shortintertext_sep=\dimen196
)
(d:/texlive/2017/texmf-dist/tex/latex/multirow/multirow.sty
Package: multirow 2016/11/25 v2.2 Span multiple rows of a table
\multirow@colwidth=\skip93
\multirow@cntb=\count385
\multirow@dima=\skip94
\bigstrutjot=\dimen197
)
(d:/texlive/2017/texmf-dist/tex/latex/tools/longtable.sty
Package: longtable 2014/10/28 v4.11 Multi-page Table package (DPC)
\LTleft=\skip95
\LTright=\skip96
\LTpre=\skip97
\LTpost=\skip98
\LTchunksize=\count386
\LTcapwidth=\dimen198
\LT@head=\box53
\LT@firsthead=\box54
\LT@foot=\box55
\LT@lastfoot=\box56
\LT@cols=\count387
\LT@rows=\count388
\c@LT@tables=\count389
\c@LT@chunks=\count390
\LT@p@ftn=\toks27
)
(d:/texlive/2017/texmf-dist/tex/latex/listings/listings.sty
\lst@mode=\count391
\lst@gtempboxa=\box57
\lst@token=\toks28
\lst@length=\count392
\lst@currlwidth=\dimen199
\lst@column=\count393
\lst@pos=\count394
\lst@lostspace=\dimen256
\lst@width=\dimen257
\lst@newlines=\count395
\lst@lineno=\count396
\lst@maxwidth=\dimen258

(d:/texlive/2017/texmf-dist/tex/latex/listings/lstmisc.sty
File: lstmisc.sty 2015/06/04 1.6 (Carsten Heinz)
\c@lstnumber=\count397
\lst@skipnumbers=\count398
\lst@framebox=\box58
)
(d:/texlive/2017/texmf-dist/tex/latex/listings/listings.cfg
File: listings.cfg 2015/06/04 1.6 listings configuration
))
Package: listings 2015/06/04 1.6 (Carsten Heinz)

(d:/texlive/2017/texmf-dist/tex/latex/matlab-prettifier/matlab-prettifier.sty
Package: matlab-prettifier 2014/06/19 v0.3 A package for prettyprinting Matlab 
source code
\netBracketCount@mlpr=\count399
\blkLvl@mlpr=\count400
\blkLvlAtClassdef@mlpr=\count401
\emHeight@mlpr=\skip99
\jayDepth@mlpr=\skip100
\sectionRuleOffset@mlpr=\skip101
\toks@mlpr=\toks29
)
(d:/texlive/2017/texmf-dist/tex/latex/amsfonts/amsfonts.sty
Package: amsfonts 2013/01/14 v3.01 Basic AMSFonts support
\symAMSa=\mathgroup4
\symAMSb=\mathgroup5
LaTeX Font Info:    Overwriting math alphabet `\mathfrak' in version `bold'
(Font)                  U/euf/m/n --> U/euf/b/n on input line 106.
)
(d:/texlive/2017/texmf-dist/tex/latex/amsfonts/amssymb.sty
Package: amssymb 2013/01/14 v3.01 AMS font symbols
)
(d:/texlive/2017/texmf-dist/tex/latex/guitlogo/guit.sty
Package: guit 2012/08/17 v0.9.2 Logo del GuIT

(d:/texlive/2017/texmf-dist/tex/latex/xkeyval/xkeyval.sty
Package: xkeyval 2014/12/03 v2.7a package option processing (HA)

(d:/texlive/2017/texmf-dist/tex/generic/xkeyval/xkeyval.tex
(d:/texlive/2017/texmf-dist/tex/generic/xkeyval/xkvutils.tex
\XKV@toks=\toks30
\XKV@tempa@toks=\toks31
)
\XKV@depth=\count402
File: xkeyval.tex 2014/12/03 v2.7a key=value parser (HA)
))
(d:/texlive/2017/texmf-dist/tex/latex/guitlogo/guit.cfg
File: guit.cfg 2009/07/31 v0.9.1 File di configurazione di guit.sty
))
(d:/texlive/2017/texmf-dist/tex/latex/caption/newfloat.sty
Package: newfloat 2015/09/17 v1.1-109 Defining new floating environments (AR)
)
Package newfloat Info: New float `code' with options `' on input line 61.
\c@code=\count403
\newfloat@ftype=\count404
Package newfloat Info: float type `code'=8 on input line 61.
\c@locodedepth=\count405

(d:/texlive/2017/texmf-dist/tex/latex/tools/indentfirst.sty
Package: indentfirst 1995/11/23 v1.03 Indent first paragraph (DPC)
)
Package csquotes Info: Checking for multilingual support...
Package csquotes Info: ... found 'babel' package.
Package biblatex Info: Trying to load language 'italian'...
Package biblatex Info: ... file 'italian.lbx' found.

(d:/texlive/2017/texmf-dist/tex/latex/biblatex/lbx/italian.lbx
File: italian.lbx 2016/12/05 v3.7 biblatex localization (PK/JW/AB)
)
(./main_File.aux)
\openout1 = `main_File.aux'.

LaTeX Font Info:    Checking defaults for OML/cmm/m/it on input line 110.
LaTeX Font Info:    ... okay on input line 110.
LaTeX Font Info:    Checking defaults for T1/cmr/m/n on input line 110.
LaTeX Font Info:    ... okay on input line 110.
LaTeX Font Info:    Checking defaults for OT1/cmr/m/n on input line 110.
LaTeX Font Info:    ... okay on input line 110.
LaTeX Font Info:    Checking defaults for OMS/cmsy/m/n on input line 110.
LaTeX Font Info:    ... okay on input line 110.
LaTeX Font Info:    Checking defaults for OMX/cmex/m/n on input line 110.
LaTeX Font Info:    ... okay on input line 110.
LaTeX Font Info:    Checking defaults for U/cmr/m/n on input line 110.
LaTeX Font Info:    ... okay on input line 110.
LaTeX Font Info:    Checking defaults for PD1/pdf/m/n on input line 110.
LaTeX Font Info:    ... okay on input line 110.
LaTeX Font Info:    Checking defaults for TS1/cmr/m/n on input line 110.
LaTeX Font Info:    Try loading font information for TS1+cmr on input line 110.

 (d:/texlive/2017/texmf-dist/tex/latex/base/ts1cmr.fd
File: ts1cmr.fd 2014/09/29 v2.5h Standard LaTeX font definitions
)
LaTeX Font Info:    ... okay on input line 110.
LaTeX Info: Redefining \it@ocap on input line 110.
LaTeX Info: Redefining \it@ccap on input line 110.
\AtBeginShipoutBox=\box59

(d:/texlive/2017/texmf-dist/tex/context/base/mkii/supp-pdf.mkii
[Loading MPS to PDF converter (version 2006.09.02).]
\scratchcounter=\count406
\scratchdimen=\dimen259
\scratchbox=\box60
\nofMPsegments=\count407
\nofMParguments=\count408
\everyMPshowfont=\toks32
\MPscratchCnt=\count409
\MPscratchDim=\dimen260
\MPnumerator=\count410
\makeMPintoPDFobject=\count411
\everyMPtoPDFconversion=\toks33
) (d:/texlive/2017/texmf-dist/tex/latex/oberdiek/epstopdf-base.sty
Package: epstopdf-base 2016/05/15 v2.6 Base part for package epstopdf

(d:/texlive/2017/texmf-dist/tex/latex/oberdiek/grfext.sty
Package: grfext 2016/05/16 v1.2 Manage graphics extensions (HO)
)
Package epstopdf-base Info: Redefining graphics rule for `.eps' on input line 4
38.
Package grfext Info: Graphics extension search list:
(grfext)             [.png,.pdf,.jpg,.mps,.jpeg,.jbig2,.jb2,.PNG,.PDF,.JPG,.JPE
G,.JBIG2,.JB2,.eps]
(grfext)             \AppendGraphicsExtensions on input line 456.

(d:/texlive/2017/texmf-dist/tex/latex/latexconfig/epstopdf-sys.cfg
File: epstopdf-sys.cfg 2010/07/13 v1.3 Configuration of (r)epstopdf for TeX Liv
e
))
(d:/texlive/2017/texmf-dist/tex/latex/oberdiek/pdflscape.sty
Package: pdflscape 2016/05/14 v0.11 Display of landscape pages in PDF (HO)

(d:/texlive/2017/texmf-dist/tex/latex/graphics/lscape.sty
Package: lscape 2000/10/22 v3.01 Landscape Pages (DPC)
)
Package pdflscape Info: Auto-detected driver: pdftex on input line 81.
)
Package hyperref Info: Link coloring OFF on input line 110.

(d:/texlive/2017/texmf-dist/tex/latex/hyperref/nameref.sty
Package: nameref 2016/05/21 v2.44 Cross-referencing by name of section

(d:/texlive/2017/texmf-dist/tex/generic/oberdiek/gettitlestring.sty
Package: gettitlestring 2016/05/16 v1.5 Cleanup title references (HO)
)
\c@section@level=\count412
LaTeX Info: Redefining \Ref on input line 515.
)
LaTeX Info: Redefining \ref on input line 110.
LaTeX Info: Redefining \pageref on input line 110.
LaTeX Info: Redefining \nameref on input line 110.

(./main_File.out) (./main_File.out)
\@outlinefile=\write5
\openout5 = `main_File.out'.

LaTeX Info: Redefining \Ref on input line 110.
LaTeX Info: Redefining \microtypecontext on input line 110.
Package microtype Info: Generating PDF output.
Package microtype Info: Character protrusion enabled (level 2).
Package microtype Info: Using default protrusion set `alltext'.
Package microtype Info: Automatic font expansion enabled (level 2),
(microtype)             stretch: 20, shrink: 20, step: 1, non-selected.
Package microtype Info: Using default expansion set `basictext'.
Package microtype Info: No adjustment of tracking.
Package microtype Info: No adjustment of interword spacing.
Package microtype Info: No adjustment of character kerning.

(d:/texlive/2017/texmf-dist/tex/latex/microtype/mt-cmr.cfg
File: mt-cmr.cfg 2013/05/19 v2.2 microtype config. file: Computer Modern Roman 
(RS)
)
(d:/texlive/2017/texmf-dist/tex/latex/beamer/translator/dicts/translator-basic-
dictionary/translator-basic-dictionary-English.dict
Dictionary: translator-basic-dictionary, Language: English 
)
(d:/texlive/2017/texmf-dist/tex/latex/siunitx/siunitx-abbreviations.cfg
File: siunitx-abbreviations.cfg 2017/05/19 v2.7g siunitx: Abbreviated units
)
Package biblatex Info: Input encoding 'utf8' detected.
Package biblatex Info: Automatic encoding selection.
(biblatex)             Assuming data encoding 'utf8'.
\openout4 = `main_File.bcf'.

Package biblatex Info: Trying to load bibliographic data...
Package biblatex Info: ... file 'main_File.bbl' found.

(./main_File.bbl)
Package biblatex Info: Reference section=0 on input line 110.
Package biblatex Info: Reference segment=0 on input line 110.
Package caption Info: Begin \AtBeginDocument code.
Package caption Info: subfig package v1.3 is loaded.
Package caption Info: listings package is loaded.
Package caption Info: longtable package is loaded.
 (d:/texlive/2017/texmf-dist/tex/latex/caption/ltcaption.sty
Package: ltcaption 2013/06/09 v1.4-94 longtable captions (AR)
)
Package caption Info: End \AtBeginDocument code.
\c@lstlisting=\count413
\c__siunitx_mathsf_int=\count414
LaTeX Font Info:    Try loading font information for U+msa on input line 110.

(d:/texlive/2017/texmf-dist/tex/latex/amsfonts/umsa.fd
File: umsa.fd 2013/01/14 v3.01 AMS symbols A
)
(d:/texlive/2017/texmf-dist/tex/latex/microtype/mt-msa.cfg
File: mt-msa.cfg 2006/02/04 v1.1 microtype config. file: AMS symbols (a) (RS)
)
LaTeX Font Info:    Try loading font information for U+msb on input line 110.

(d:/texlive/2017/texmf-dist/tex/latex/amsfonts/umsb.fd
File: umsb.fd 2013/01/14 v3.01 AMS symbols B
)
(d:/texlive/2017/texmf-dist/tex/latex/microtype/mt-msb.cfg
File: mt-msb.cfg 2005/06/01 v1.0 microtype config. file: AMS symbols (b) (RS)
)
Package microtype Info: Loading generic settings for font family
(microtype)             `cmss' (encoding: OT1).
(microtype)             For optimal results, create family-specific settings.
(microtype)             See the microtype manual for details.
\c__siunitx_mathtt_int=\count415
Package microtype Info: Loading generic settings for font family
(microtype)             `cmtt' (encoding: OT1).
(microtype)             For optimal results, create family-specific settings.
(microtype)             See the microtype manual for details.
 [1

] [2

] [1{d:/texlive/2017/texmf-var/fonts/map/pdftex/updmap/pdftex.map}] [2

] (./main_File.toc
[3])
\tf@toc=\write6
\openout6 = `main_File.toc'.

 [4] (./main_File.lof [5

])
\tf@lof=\write7
\openout7 = `main_File.lof'.

 [6] (./main_File.lol)
\tf@lol=\write8
\openout8 = `main_File.lol'.

 [7

] [8

]
Capitolo 1.
(./Corpo/Introduzione.tex)pdfTeX warning (ext4): destination with the same iden
tifier (name{page.1}) has been already used, duplicate ignored
<to be read again> 
                   \relax 
l.133 	\part
            {Il sistema} [1

]pdfTeX warning (ext4): destination with the same identifier (name{page.2}) has
 been already used, duplicate ignored
<to be read again> 
                   \relax 
l.133 	\part
            {Il sistema} [2] [3

] [4]
Capitolo 2.
(./Corpo/Manipolatore.tex [5

]
<Immagini/IRB120.png, id=462, 546.54187pt x 557.08125pt>
File: Immagini/IRB120.png Graphic file (type png)

<use Immagini/IRB120.png>
Package pdftex.def Info: Immagini/IRB120.png used on input line 19.
(pdftex.def)             Requested size: 198.0011pt x 201.81564pt.
LaTeX Font Info:    Try loading font information for T1+cmss on input line 19.
 (d:/texlive/2017/texmf-dist/tex/latex/base/t1cmss.fd
File: t1cmss.fd 2014/09/29 v2.5h Standard LaTeX font definitions
)
Package microtype Info: Loading generic settings for font family
(microtype)             `cmss' (encoding: T1).
(microtype)             For optimal results, create family-specific settings.
(microtype)             See the microtype manual for details.
<Immagini/IRB120_Model.png, id=464, 573.64313pt x 462.22687pt>
File: Immagini/IRB120_Model.png Graphic file (type png)

<use Immagini/IRB120_Model.png>
Package pdftex.def Info: Immagini/IRB120_Model.png used on input line 20.
(pdftex.def)             Requested size: 198.0011pt x 159.53897pt.

<Immagini/BraccioUmano_IRB120.png, id=465, 392.96812pt x 293.59688pt>
File: Immagini/BraccioUmano_IRB120.png Graphic file (type png)

<use Immagini/BraccioUmano_IRB120.png>
Package pdftex.def Info: Immagini/BraccioUmano_IRB120.png used on input line 28
.
(pdftex.def)             Requested size: 180.0pt x 134.48724pt.

Underfull \vbox (badness 1859) has occurred while \output is active []

 [6 <./Immagini/IRB120.png> <./Immagini/IRB120_Model.png>] [7 <./Immagini/Bracc
ioUmano_IRB120.png>] <Immagini/DimensioniManipolatore.png, id=485, 415.5525pt x
 505.89pt>
File: Immagini/DimensioniManipolatore.png Graphic file (type png)

<use Immagini/DimensioniManipolatore.png>
Package pdftex.def Info: Immagini/DimensioniManipolatore.png used on input line
 61.
(pdftex.def)             Requested size: 180.0pt x 219.12633pt.

<Immagini/RangediLavoro.png, id=488, 523.20468pt x 411.78844pt>
File: Immagini/RangediLavoro.png Graphic file (type png)

<use Immagini/RangediLavoro.png>
Package pdftex.def Info: Immagini/RangediLavoro.png used on input line 70.
(pdftex.def)             Requested size: 161.9989pt x 127.496pt.

<Immagini/RaggiodiCurvatura.png, id=489, 437.38406pt x 383.18156pt>
File: Immagini/RaggiodiCurvatura.png Graphic file (type png)

<use Immagini/RaggiodiCurvatura.png>
Package pdftex.def Info: Immagini/RaggiodiCurvatura.png used on input line 71.
(pdftex.def)             Requested size: 161.9989pt x 141.92113pt.


LaTeX Warning: `h' float specifier changed to `ht'.

(./Corpo/Cinematica.tex [8 <./Immagini/DimensioniManipolatore.png>]
<Immagini/Cinematica_inv_dir_scheme.png, id=497, 512.66531pt x 285.31593pt>
File: Immagini/Cinematica_inv_dir_scheme.png Graphic file (type png)

<use Immagini/Cinematica_inv_dir_scheme.png>
Package pdftex.def Info: Immagini/Cinematica_inv_dir_scheme.png used on input l
ine 8.
(pdftex.def)             Requested size: 251.9989pt x 140.24573pt.

<Immagini/SistemiDiCoordinate.png, id=501, 376.40625pt x 371.88937pt>
File: Immagini/SistemiDiCoordinate.png Graphic file (type png)

<use Immagini/SistemiDiCoordinate.png>
Package pdftex.def Info: Immagini/SistemiDiCoordinate.png used on input line 22
.
(pdftex.def)             Requested size: 251.9989pt x 248.98299pt.
 [9 <./Immagini/RangediLavoro.png> <./Immagini/RaggiodiCurvatura.png> <./Immagi
ni/Cinematica_inv_dir_scheme.png>]
[10 <./Immagini/SistemiDiCoordinate.png>]
<Immagini/SistemaDiRiferimento_Polso.png, id=515, 299.61937pt x 131.74219pt>
File: Immagini/SistemaDiRiferimento_Polso.png Graphic file (type png)

<use Immagini/SistemaDiRiferimento_Polso.png>
Package pdftex.def Info: Immagini/SistemaDiRiferimento_Polso.png used on input 
line 43.
(pdftex.def)             Requested size: 180.0pt x 79.14642pt.

<Immagini/TCP.png, id=517, 497.60907pt x 312.41719pt>
File: Immagini/TCP.png Graphic file (type png)
 <use Immagini/TCP.png>
Package pdftex.def Info: Immagini/TCP.png used on input line 51.
(pdftex.def)             Requested size: 180.0pt x 113.01353pt.


LaTeX Warning: `h' float specifier changed to `ht'.

<Immagini/CatenaCinematica.png, id=519, 372.64218pt x 319.94531pt>
File: Immagini/CatenaCinematica.png Graphic file (type png)

<use Immagini/CatenaCinematica.png>
Package pdftex.def Info: Immagini/CatenaCinematica.png used on input line 63.
(pdftex.def)             Requested size: 216.0022pt x 185.45612pt.
 [11 <./Immagini/SistemaDiRiferimento_Polso.png>] [12 <./Immagini/TCP.png> <./I
mmagini/CatenaCinematica.png>]
<Immagini/Rotazione_SistemiDiRiferimento.png, id=530, 362.85562pt x 160.34906pt
>
File: Immagini/Rotazione_SistemiDiRiferimento.png Graphic file (type png)
 <use Immagini/Rotazione_SistemiDiRiferimento.png>
Package pdftex.def Info: Immagini/Rotazione_SistemiDiRiferimento.png used on in
put line 76.
(pdftex.def)             Requested size: 216.0022pt x 95.45413pt.

<Immagini/EsempioRotazione.png, id=534, 607.51968pt x 318.43968pt>
File: Immagini/EsempioRotazione.png Graphic file (type png)

<use Immagini/EsempioRotazione.png>
Package pdftex.def Info: Immagini/EsempioRotazione.png used on input line 105.
(pdftex.def)             Requested size: 180.0pt x 94.34705pt.
 [13 <./Immagini/Rotazione_SistemiDiRiferimento.png>] [14 <./Immagini/EsempioRo
tazione.png>]
<Immagini/Rot_asse_x.png, id=558, 231.11343pt x 162.6075pt>
File: Immagini/Rot_asse_x.png Graphic file (type png)

<use Immagini/Rot_asse_x.png>
Package pdftex.def Info: Immagini/Rot_asse_x.png used on input line 181.
(pdftex.def)             Requested size: 143.9978pt x 101.31432pt.

<Immagini/Rot_asse_y.png, id=559, 231.11343pt x 162.6075pt>
File: Immagini/Rot_asse_y.png Graphic file (type png)

<use Immagini/Rot_asse_y.png>
Package pdftex.def Info: Immagini/Rot_asse_y.png used on input line 182.
(pdftex.def)             Requested size: 143.9978pt x 101.31432pt.

<Immagini/Rot_asse_z.png, id=560, 230.36063pt x 154.32657pt>
File: Immagini/Rot_asse_z.png Graphic file (type png)

<use Immagini/Rot_asse_z.png>
Package pdftex.def Info: Immagini/Rot_asse_z.png used on input line 183.
(pdftex.def)             Requested size: 143.9978pt x 96.46797pt.
 [15 <./Immagini/Rot_asse_x.png> <./Immagini/Rot_asse_y.png> <./Immagini/Rot_as
se_z.png>]
<Immagini/Rot_TernaFissaMobile.png, id=573, 444.91219pt x 328.97906pt>
File: Immagini/Rot_TernaFissaMobile.png Graphic file (type png)

<use Immagini/Rot_TernaFissaMobile.png>
Package pdftex.def Info: Immagini/Rot_TernaFissaMobile.png used on input line 2
02.
(pdftex.def)             Requested size: 270.0pt x 199.64285pt.
 [16 <./Immagini/Rot_TernaFissaMobile.png>]
<Immagini/CatenaCinematicaOpen_Example.png, id=582, 481.04718pt x 191.9672pt>
File: Immagini/CatenaCinematicaOpen_Example.png Graphic file (type png)

<use Immagini/CatenaCinematicaOpen_Example.png>
Package pdftex.def Info: Immagini/CatenaCinematicaOpen_Example.png used on inpu
t line 233.
(pdftex.def)             Requested size: 270.0pt x 107.74693pt.
 [17 <./Immagini/CatenaCinematicaOpen_Example.png>] <Immagini/AsseZ_DH.png, id=
594, 529.22719pt x 298.86656pt>
File: Immagini/AsseZ_DH.png Graphic file (type png)

<use Immagini/AsseZ_DH.png>
Package pdftex.def Info: Immagini/AsseZ_DH.png used on input line 254.
(pdftex.def)             Requested size: 270.0pt x 152.47464pt.
 [18 <./Immagini/AsseZ_DH.png>]
<Immagini/Parametri_DH.png, id=603, 358.33875pt x 328.22626pt>
File: Immagini/Parametri_DH.png Graphic file (type png)

<use Immagini/Parametri_DH.png>
Package pdftex.def Info: Immagini/Parametri_DH.png used on input line 299.
(pdftex.def)             Requested size: 270.0pt x 247.326pt.
 [19]

LaTeX Font Warning: Command \footnotesize invalid in math mode on input line 31
1.

LaTeX Font Info:    Calculating math sizes for size <> on input line 344.

LaTeX Font Warning: Font shape `OT1/cmr/m/n' in size <> not available
(Font)              size <5> substituted on input line 344.


LaTeX Font Warning: Font shape `OT1/cmr/m/n' in size <0.7> not available
(Font)              size <5> substituted on input line 344.


LaTeX Font Warning: Font shape `OT1/cmr/m/n' in size <0.5> not available
(Font)              size <5> substituted on input line 344.


LaTeX Font Warning: Font shape `OML/cmm/m/it' in size <> not available
(Font)              size <5> substituted on input line 344.


LaTeX Font Warning: Font shape `OML/cmm/m/it' in size <0.7> not available
(Font)              size <5> substituted on input line 344.


LaTeX Font Warning: Font shape `OML/cmm/m/it' in size <0.5> not available
(Font)              size <5> substituted on input line 344.


LaTeX Font Warning: Font shape `OMS/cmsy/m/n' in size <> not available
(Font)              size <5> substituted on input line 344.


LaTeX Font Warning: Font shape `OMS/cmsy/m/n' in size <0.7> not available
(Font)              size <5> substituted on input line 344.


LaTeX Font Warning: Font shape `OMS/cmsy/m/n' in size <0.5> not available
(Font)              size <5> substituted on input line 344.


LaTeX Font Warning: Font shape `OT1/cmss/m/n' in size <> not available
(Font)              size <5> substituted on input line 344.


LaTeX Font Warning: Font shape `OT1/cmss/m/n' in size <0.7> not available
(Font)              size <5> substituted on input line 344.


LaTeX Font Warning: Font shape `OT1/cmss/m/n' in size <0.5> not available
(Font)              size <5> substituted on input line 344.


LaTeX Font Warning: Font shape `OT1/cmtt/m/n' in size <> not available
(Font)              size <5> substituted on input line 344.


LaTeX Font Warning: Font shape `OT1/cmtt/m/n' in size <0.7> not available
(Font)              size <5> substituted on input line 344.


LaTeX Font Warning: Font shape `OT1/cmtt/m/n' in size <0.5> not available
(Font)              size <5> substituted on input line 344.


Underfull \hbox (badness 10000) in paragraph at lines 355--356

 []


Underfull \vbox (badness 1796) has occurred while \output is active []

 [20 <./Immagini/Parametri_DH.png>]
Underfull \hbox (badness 10000) in paragraph at lines 365--366

 []


Underfull \hbox (badness 10000) in paragraph at lines 375--376

 []


Package caption Warning: \label without proper reference on input line 409.
See the caption package documentation for explanation.


LaTeX Warning: Reference `fig:Sol_DirectKin' on page 21 undefined on input line
 423.

[21]

Package caption Warning: \label without proper reference on input line 409.
See the caption package documentation for explanation.


LaTeX Warning: Reference `fig:Sol_DirectKin' on page 22 undefined on input line
 429.


Overfull \hbox (0.3504pt too wide) in paragraph at lines 448--448
[]\T1/cmr/bx/n/12 Posizione dell'end-effector: de-fi-ni-zio-ne va-ria-bi-li di 
giun-
 []


Package hyperref Warning: Token not allowed in a PDF string (PDFDocEncoding):
(hyperref)                removing `math shift' on input line 448.


Package hyperref Warning: Token not allowed in a PDF string (PDFDocEncoding):
(hyperref)                removing `\vartheta' on input line 448.


Package hyperref Warning: Token not allowed in a PDF string (PDFDocEncoding):
(hyperref)                removing `subscript' on input line 448.


Package hyperref Warning: Token not allowed in a PDF string (PDFDocEncoding):
(hyperref)                removing `\vartheta' on input line 448.


Package hyperref Warning: Token not allowed in a PDF string (PDFDocEncoding):
(hyperref)                removing `subscript' on input line 448.


Package hyperref Warning: Token not allowed in a PDF string (PDFDocEncoding):
(hyperref)                removing `\vartheta' on input line 448.


Package hyperref Warning: Token not allowed in a PDF string (PDFDocEncoding):
(hyperref)                removing `subscript' on input line 448.


Package hyperref Warning: Token not allowed in a PDF string (PDFDocEncoding):
(hyperref)                removing `math shift' on input line 448.


Underfull \vbox (badness 10000) has occurred while \output is active []

 [22]
[23] <Immagini/Theta_2_2.png, id=652, 666.23906pt x 559.33969pt>
File: Immagini/Theta_2_2.png Graphic file (type png)

<use Immagini/Theta_2_2.png>
Package pdftex.def Info: Immagini/Theta_2_2.png used on input line 515.
(pdftex.def)             Requested size: 270.0pt x 226.67642pt.
 [24 <./Immagini/Theta_2_2.png>]
Package hyperref Info: bookmark level for unknown lstlisting defaults to 0 on i
nput line 529.
LaTeX Font Info:    Try loading font information for T1+cmtt on input line 529.


(d:/texlive/2017/texmf-dist/tex/latex/base/t1cmtt.fd
File: t1cmtt.fd 2014/09/29 v2.5h Standard LaTeX font definitions
)
Package microtype Info: Loading generic settings for font family
(microtype)             `cmtt' (encoding: T1).
(microtype)             For optimal results, create family-specific settings.
(microtype)             See the microtype manual for details.
LaTeX Font Info:    Try loading font information for TS1+cmtt on input line 552
.

(d:/texlive/2017/texmf-dist/tex/latex/base/ts1cmtt.fd
File: ts1cmtt.fd 2014/09/29 v2.5h Standard LaTeX font definitions
)
Package microtype Info: Loading generic settings for font family
(microtype)             `cmtt' (encoding: TS1).
(microtype)             For optimal results, create family-specific settings.
(microtype)             See the microtype manual for details.

<Immagini/Theta_3.png, id=662, 749.80125pt x 611.28375pt>
File: Immagini/Theta_3.png Graphic file (type png)

<use Immagini/Theta_3.png>
Package pdftex.def Info: Immagini/Theta_3.png used on input line 577.
(pdftex.def)             Requested size: 270.0pt x 220.11794pt.


LaTeX Warning: `h' float specifier changed to `ht'.


Package hyperref Warning: Token not allowed in a PDF string (PDFDocEncoding):
(hyperref)                removing `math shift' on input line 584.


Package hyperref Warning: Token not allowed in a PDF string (PDFDocEncoding):
(hyperref)                removing `\vartheta' on input line 584.


Package hyperref Warning: Token not allowed in a PDF string (PDFDocEncoding):
(hyperref)                removing `subscript' on input line 584.


Package hyperref Warning: Token not allowed in a PDF string (PDFDocEncoding):
(hyperref)                removing `\vartheta' on input line 584.


Package hyperref Warning: Token not allowed in a PDF string (PDFDocEncoding):
(hyperref)                removing `subscript' on input line 584.


Package hyperref Warning: Token not allowed in a PDF string (PDFDocEncoding):
(hyperref)                removing `\vartheta' on input line 584.


Package hyperref Warning: Token not allowed in a PDF string (PDFDocEncoding):
(hyperref)                removing `subscript' on input line 584.


Package hyperref Warning: Token not allowed in a PDF string (PDFDocEncoding):
(hyperref)                removing `math shift' on input line 584.

[25] [26 <./Immagini/Theta_3.png>]
<Immagini/SistemiDiRiferimento_OrientamentoWrist.png, id=720, 278.54062pt x 157
.33781pt>
File: Immagini/SistemiDiRiferimento_OrientamentoWrist.png Graphic file (type pn
g)
 <use Immagini/SistemiDiRiferimento_OrientamentoWrist.png>
Package pdftex.def Info: Immagini/SistemiDiRiferimento_OrientamentoWrist.png us
ed on input line 619.
(pdftex.def)             Requested size: 270.0pt x 152.51665pt.
 [27 <./Immagini/SistemiDiRiferimento_OrientamentoWrist.png>] [28] [29]
<Immagini/atan2.png, id=789, 366.36874pt x 138.5175pt>
File: Immagini/atan2.png Graphic file (type png)

<use Immagini/atan2.png>
Package pdftex.def Info: Immagini/atan2.png used on input line 724.
(pdftex.def)             Requested size: 233.9978pt x 88.47122pt.
)) [30 <./Immagini/atan2.png>]
Capitolo 3.
(./Corpo/Controller.tex <Immagini/IRC5.png, id=798, 2198.2125pt x 1752.5475pt>
File: Immagini/IRC5.png Graphic file (type png)

<use Immagini/IRC5.png>
Package pdftex.def Info: Immagini/IRC5.png used on input line 6.
(pdftex.def)             Requested size: 161.9989pt x 129.1356pt.
 [31

 <./Immagini/IRC5.png>]
<Immagini/Pulsanti_Interruttori_IRC5.png, id=805, 575.90157pt x 481.04718pt>
File: Immagini/Pulsanti_Interruttori_IRC5.png Graphic file (type png)

<use Immagini/Pulsanti_Interruttori_IRC5.png>
Package pdftex.def Info: Immagini/Pulsanti_Interruttori_IRC5.png used on input 
line 32.
(pdftex.def)             Requested size: 180.0pt x 150.34889pt.


LaTeX Warning: `h' float specifier changed to `ht'.

[32] [33 <./Immagini/Pulsanti_Interruttori_IRC5.png>]
<Immagini/Connettori_IRC5.png, id=819, 302.63063pt x 502.87875pt>
File: Immagini/Connettori_IRC5.png Graphic file (type png)

<use Immagini/Connettori_IRC5.png>
Package pdftex.def Info: Immagini/Connettori_IRC5.png used on input line 55.
(pdftex.def)             Requested size: 108.0011pt x 179.46318pt.

<Immagini/ConnettoriSulComputer.png, id=821, 201.75375pt x 466.74374pt>
File: Immagini/ConnettoriSulComputer.png Graphic file (type png)

<use Immagini/ConnettoriSulComputer.png>
Package pdftex.def Info: Immagini/ConnettoriSulComputer.png used on input line 
71.
(pdftex.def)             Requested size: 108.0011pt x 249.85143pt.
 [34 <./Immagini/Connettori_IRC5.png>]
[35 <./Immagini/ConnettoriSulComputer.png>]) [36] [37

] [38]
Capitolo 4.
(./Corpo/Mov_Manuale.tex
<Immagini/MainPart_TeachPendant.png, id=849, 411.03563pt x 252.945pt>
File: Immagini/MainPart_TeachPendant.png Graphic file (type png)

<use Immagini/MainPart_TeachPendant.png>
Package pdftex.def Info: Immagini/MainPart_TeachPendant.png used on input line 
10.
(pdftex.def)             Requested size: 180.0pt x 110.76736pt.
 [39

 <./Immagini/MainPart_TeachPendant.png>] <Immagini/DisplayTPU_ManualJog.png, id
=857, 651.93562pt x 361.35pt>
File: Immagini/DisplayTPU_ManualJog.png Graphic file (type png)

<use Immagini/DisplayTPU_ManualJog.png>
Package pdftex.def Info: Immagini/DisplayTPU_ManualJog.png used on input line 2
7.
(pdftex.def)             Requested size: 180.0pt x 99.76578pt.
) [40 <./Immagini/DisplayTPU_ManualJog.png>]
Capitolo 5.
(./Corpo/Mov_Automatica.tex
<Immagini/Logo_RobotStudio.png, id=863, 91.09032pt x 102.3825pt>
File: Immagini/Logo_RobotStudio.png Graphic file (type png)

<use Immagini/Logo_RobotStudio.png>
Package pdftex.def Info: Immagini/Logo_RobotStudio.png used on input line 6.
(pdftex.def)             Requested size: 53.9978pt x 60.69102pt.
 [41

 <./Immagini/Logo_RobotStudio.png>]
<Immagini/Automatic_SystemSchematic.png, id=870, 691.83469pt x 420.06938pt>
File: Immagini/Automatic_SystemSchematic.png Graphic file (type png)

<use Immagini/Automatic_SystemSchematic.png>
Package pdftex.def Info: Immagini/Automatic_SystemSchematic.png used on input l
ine 27.
(pdftex.def)             Requested size: 270.0pt x 163.94177pt.
 [42 <./Immagini/Automatic_SystemSchematic.png>]
Capitolo 6.
<Immagini/Virtual_System.png, id=875, 810.77907pt x 428.35031pt>
File: Immagini/Virtual_System.png Graphic file (type png)

<use Immagini/Virtual_System.png>
Package pdftex.def Info: Immagini/Virtual_System.png used on input line 39.
(pdftex.def)             Requested size: 306.0022pt x 161.6702pt.
 [43

 <./Immagini/Virtual_System.png>]
<Immagini/Complex_System.png, id=882, 1024.57782pt x 511.15968pt>
File: Immagini/Complex_System.png Graphic file (type png)

<use Immagini/Complex_System.png>
Package pdftex.def Info: Immagini/Complex_System.png used on input line 57.
(pdftex.def)             Requested size: 288.0011pt x 143.6775pt.

<Immagini/Struttura_RAPID.png, id=883, 199.49532pt x 155.83218pt>
File: Immagini/Struttura_RAPID.png Graphic file (type png)

<use Immagini/Struttura_RAPID.png>
Package pdftex.def Info: Immagini/Struttura_RAPID.png used on input line 65.
(pdftex.def)             Requested size: 161.9989pt x 126.54913pt.


LaTeX Warning: `h' float specifier changed to `ht'.

[44 <./Immagini/Complex_System.png>] [45 <./Immagini/Struttura_RAPID.png>]
(d:/texlive/2017/texmf-dist/tex/latex/listings/lstlang1.sty
File: lstlang1.sty 2015/06/04 1.6 listings language file
)
(d:/texlive/2017/texmf-dist/tex/latex/listings/lstlang1.sty
File: lstlang1.sty 2015/06/04 1.6 listings language file
)
(d:/texlive/2017/texmf-dist/tex/latex/listings/lstmisc.sty
File: lstmisc.sty 2015/06/04 1.6 (Carsten Heinz)
) [46]
Capitolo 7.
<Immagini/OPC_Configuration.png, id=937, 434.37282pt x 214.55156pt>
File: Immagini/OPC_Configuration.png Graphic file (type png)

<use Immagini/OPC_Configuration.png>
Package pdftex.def Info: Immagini/OPC_Configuration.png used on input line 140.

(pdftex.def)             Requested size: 270.0pt x 133.3676pt.
 [47

] [48 <./Immagini/OPC_Configuration.png>]
Capitolo 8.
<Immagini/Logo_ROS.png, id=946, 308.15125pt x 164.615pt>
File: Immagini/Logo_ROS.png Graphic file (type png)

<use Immagini/Logo_ROS.png>
Package pdftex.def Info: Immagini/Logo_ROS.png used on input line 152.
(pdftex.def)             Requested size: 108.0011pt x 57.69397pt.

<Immagini/ROS_ComponentBased.png, id=947, 545.03625pt x 263.48438pt>
File: Immagini/ROS_ComponentBased.png Graphic file (type png)

<use Immagini/ROS_ComponentBased.png>
Package pdftex.def Info: Immagini/ROS_ComponentBased.png used on input line 159
.
(pdftex.def)             Requested size: 270.0pt x 130.52365pt.
 [49

 <./Immagini/Logo_ROS.png> <./Immagini/ROS_ComponentBased.png>]
<Immagini/ROS_Network.png, id=957, 574.39594pt x 283.81032pt>
File: Immagini/ROS_Network.png Graphic file (type png)

<use Immagini/ROS_Network.png>
Package pdftex.def Info: Immagini/ROS_Network.png used on input line 171.
(pdftex.def)             Requested size: 270.0pt x 133.40819pt.
 [50 <./Immagini/ROS_Network.png>]
<Immagini/Ros_Core_Node.png, id=964, 378.66469pt x 237.13594pt>
File: Immagini/Ros_Core_Node.png Graphic file (type png)

<use Immagini/Ros_Core_Node.png>
Package pdftex.def Info: Immagini/Ros_Core_Node.png used on input line 192.
(pdftex.def)             Requested size: 270.0pt x 169.08774pt.

<Immagini/PubSub.png, id=965, 201.75375pt x 109.91063pt>
File: Immagini/PubSub.png Graphic file (type png)

<use Immagini/PubSub.png>
Package pdftex.def Info: Immagini/PubSub.png used on input line 202.
(pdftex.def)             Requested size: 251.9989pt x 137.28394pt.


LaTeX Warning: `h' float specifier changed to `ht'.

[51 <./Immagini/Ros_Core_Node.png>]
<Immagini/ROS_UniBG_Structure.png, id=972, 647.41875pt x 370.38374pt>
File: Immagini/ROS_UniBG_Structure.png Graphic file (type png)

<use Immagini/ROS_UniBG_Structure.png>
Package pdftex.def Info: Immagini/ROS_UniBG_Structure.png used on input line 21
5.
(pdftex.def)             Requested size: 270.0pt x 154.4637pt.
 [52 <./Immagini/PubSub.png> <./Immagini/ROS_UniBG_Structure.png>] [53]
<Immagini/ROS_I_Structure.png, id=995, 505.89pt x 376.40625pt>
File: Immagini/ROS_I_Structure.png Graphic file (type png)

<use Immagini/ROS_I_Structure.png>
Package pdftex.def Info: Immagini/ROS_I_Structure.png used on input line 255.
(pdftex.def)             Requested size: 270.0pt x 200.89577pt.

<Immagini/Socket_Comm.png, id=996, 705.38531pt x 308.65312pt>
File: Immagini/Socket_Comm.png Graphic file (type png)

<use Immagini/Socket_Comm.png>
Package pdftex.def Info: Immagini/Socket_Comm.png used on input line 273.
(pdftex.def)             Requested size: 270.0pt x 118.14185pt.
 [54 <./Immagini/ROS_I_Structure.png>]
<Immagini/Basic_SocketConfig.png, id=1001, 764.10469pt x 366.61969pt>
File: Immagini/Basic_SocketConfig.png Graphic file (type png)

<use Immagini/Basic_SocketConfig.png>
Package pdftex.def Info: Immagini/Basic_SocketConfig.png used on input line 283
.
(pdftex.def)             Requested size: 270.0pt x 129.54393pt.
 [55 <./Immagini/Socket_Comm.png> <./Immagini/Basic_SocketConfig.png>] [56] [57
] [58]
<Immagini/Message_Protocol.png, id=1077, 629.35126pt x 310.15875pt>
File: Immagini/Message_Protocol.png Graphic file (type png)

<use Immagini/Message_Protocol.png>
Package pdftex.def Info: Immagini/Message_Protocol.png used on input line 423.
(pdftex.def)             Requested size: 360.0pt x 177.41702pt.
 [59 <./Immagini/Message_Protocol.png>]
[60] <Immagini/joint_trajectory_action.png, id=1115, 538.26094pt x 99.37125pt>
File: Immagini/joint_trajectory_action.png Graphic file (type png)

<use Immagini/joint_trajectory_action.png>
Package pdftex.def Info: Immagini/joint_trajectory_action.png used on input lin
e 452.
(pdftex.def)             Requested size: 360.0pt x 66.46162pt.

Overfull \hbox (22.24303pt too wide) in paragraph at lines 464--465
\T1/cmr/m/n/10.95 (-20) po del mes-sag-gio pub-bli-ca-to dal no-stro no-do uni-
bg_simple_move_node
 []

[61 <./Immagini/joint_trajectory_action.png>]
<Immagini/rosgraph.png, id=1123, 1387.85167pt x 304.47084pt>
File: Immagini/rosgraph.png Graphic file (type png)

<use Immagini/rosgraph.png>
Package pdftex.def Info: Immagini/rosgraph.png used on input line 501.
(pdftex.def)             Requested size: 468.0011pt x 102.66852pt.

Overfull \hbox (108.0011pt too wide) in paragraph at lines 501--502
 [][] 
 []

[62]
<Immagini/ParallelTask_VirtualController.png, id=1145, 484.81125pt x 409.53pt>
File: Immagini/ParallelTask_VirtualController.png Graphic file (type png)

<use Immagini/ParallelTask_VirtualController.png>
Package pdftex.def Info: Immagini/ParallelTask_VirtualController.png used on in
put line 519.
(pdftex.def)             Requested size: 270.0pt x 228.08545pt.
 [63 <./Immagini/rosgraph.png>] <Immagini/Task_Configuration.png, id=1153, 350.
81062pt x 81.30376pt>
File: Immagini/Task_Configuration.png Graphic file (type png)

<use Immagini/Task_Configuration.png>
Package pdftex.def Info: Immagini/Task_Configuration.png used on input line 532
.
(pdftex.def)             Requested size: 270.0pt x 62.57925pt.
 [64 <./Immagini/ParallelTask_VirtualController.png> <./Immagini/Task_Configura
tion.png>] [65] [66] [67] [68] [69]
[70]) [71] [72

]
Capitolo 9.
[73] [74

]
Overfull \hbox (7.8541pt too wide) in paragraph at lines 157--157
[]\T1/cmr/m/n/10.95 (-20) ABB. \T1/cmr/m/it/10.95 (-20) Ma-nua-le del pro-dot-t
o - IRC5 Com-pact \T1/cmr/m/sc/10.95 (-20) 3HAC047138-007\T1/cmr/m/n/10.95 (-20
) . Ver. 17.1.
 []

[75

]
Overfull \hbox (7.32649pt too wide) in paragraph at lines 157--157
[]$\T1/cmtt/m/n/10.95 http : / / www -[] lar . deis . unibo . it / people / rfa
lconi / GettingStarted _
 []

Package atveryend Info: Empty hook `BeforeClearDocument' on input line 157.
[76]
Package atveryend Info: Empty hook `AfterLastShipout' on input line 157.
 (./main_File.aux)
Package atveryend Info: Executing hook `AtVeryEndDocument' on input line 157.
Package atveryend Info: Executing hook `AtEndAfterFileList' on input line 157.
Package rerunfilecheck Info: File `main_File.out' has not changed.
(rerunfilecheck)             Checksum: 968D987719AF01C5AE70791D73969C46;2977.


LaTeX Font Warning: Size substitutions with differences
(Font)              up to 4.5pt have occurred.


LaTeX Warning: There were undefined references.

Package logreq Info: Writing requests to 'main_File.run.xml'.
\openout1 = `main_File.run.xml'.

 ) 
Here is how much of TeX's memory you used:
 33325 strings out of 492995
 595050 string characters out of 6136402
 1198317 words of memory out of 5000000
 35465 multiletter control sequences out of 15000+600000
 64354 words of font info for 259 fonts, out of 8000000 for 9000
 1141 hyphenation exceptions out of 8191
 59i,19n,120p,10397b,3084s stack positions out of 5000i,500n,10000p,200000b,80000s
{d:/texlive/2017/texmf-dist/fonts/enc/dvips/cm-super/cm-super-t1.enc}{d:/texl
ive/2017/texmf-dist/fonts/enc/dvips/cm-super/cm-super-ts1.enc}<d:/texlive/2017/
texmf-dist/fonts/type1/public/amsfonts/cm/cmbx10.pfb><d:/texlive/2017/texmf-dis
t/fonts/type1/public/amsfonts/cm/cmex10.pfb><d:/texlive/2017/texmf-dist/fonts/t
ype1/public/amsfonts/cmextra/cmex9.pfb><d:/texlive/2017/texmf-dist/fonts/type1/
public/amsfonts/cm/cmmi10.pfb><d:/texlive/2017/texmf-dist/fonts/type1/public/am
sfonts/cm/cmmi12.pfb><d:/texlive/2017/texmf-dist/fonts/type1/public/amsfonts/cm
/cmmi6.pfb><d:/texlive/2017/texmf-dist/fonts/type1/public/amsfonts/cm/cmmi8.pfb
><d:/texlive/2017/texmf-dist/fonts/type1/public/amsfonts/cm/cmmi9.pfb><d:/texli
ve/2017/texmf-dist/fonts/type1/public/amsfonts/cm/cmmib10.pfb><d:/texlive/2017/
texmf-dist/fonts/type1/public/amsfonts/cmextra/cmmib8.pfb><d:/texlive/2017/texm
f-dist/fonts/type1/public/amsfonts/cm/cmr10.pfb><d:/texlive/2017/texmf-dist/fon
ts/type1/public/amsfonts/cm/cmr5.pfb><d:/texlive/2017/texmf-dist/fonts/type1/pu
blic/amsfonts/cm/cmr6.pfb><d:/texlive/2017/texmf-dist/fonts/type1/public/amsfon
ts/cm/cmr7.pfb><d:/texlive/2017/texmf-dist/fonts/type1/public/amsfonts/cm/cmr8.
pfb><d:/texlive/2017/texmf-dist/fonts/type1/public/amsfonts/cm/cmr9.pfb><d:/tex
live/2017/texmf-dist/fonts/type1/public/amsfonts/cm/cmsy10.pfb><d:/texlive/2017
/texmf-dist/fonts/type1/public/amsfonts/cm/cmsy6.pfb><d:/texlive/2017/texmf-dis
t/fonts/type1/public/amsfonts/cm/cmsy8.pfb><d:/texlive/2017/texmf-dist/fonts/ty
pe1/public/amsfonts/cm/cmsy9.pfb><d:/texlive/2017/texmf-dist/fonts/type1/public
/cm-super/sfbi1095.pfb><d:/texlive/2017/texmf-dist/fonts/type1/public/cm-super/
sfbi2488.pfb><d:/texlive/2017/texmf-dist/fonts/type1/public/cm-super/sfbl1095.p
fb><d:/texlive/2017/texmf-dist/fonts/type1/public/cm-super/sfbx0600.pfb><d:/tex
live/2017/texmf-dist/fonts/type1/public/cm-super/sfbx0900.pfb><d:/texlive/2017/
texmf-dist/fonts/type1/public/cm-super/sfbx1095.pfb><d:/texlive/2017/texmf-dist
/fonts/type1/public/cm-super/sfbx1200.pfb><d:/texlive/2017/texmf-dist/fonts/typ
e1/public/cm-super/sfbx1440.pfb><d:/texlive/2017/texmf-dist/fonts/type1/public/
cm-super/sfbx2074.pfb><d:/texlive/2017/texmf-dist/fonts/type1/public/cm-super/s
fbx2488.pfb><d:/texlive/2017/texmf-dist/fonts/type1/public/cm-super/sfcc0800.pf
b><d:/texlive/2017/texmf-dist/fonts/type1/public/cm-super/sfcc1095.pfb><d:/texl
ive/2017/texmf-dist/fonts/type1/public/cm-super/sfrm0900.pfb><d:/texlive/2017/t
exmf-dist/fonts/type1/public/cm-super/sfrm1000.pfb><d:/texlive/2017/texmf-dist/
fonts/type1/public/cm-super/sfrm1095.pfb><d:/texlive/2017/texmf-dist/fonts/type
1/public/cm-super/sfsx0900.pfb><d:/texlive/2017/texmf-dist/fonts/type1/public/c
m-super/sfsx1000.pfb><d:/texlive/2017/texmf-dist/fonts/type1/public/cm-super/sf
ti0900.pfb><d:/texlive/2017/texmf-dist/fonts/type1/public/cm-super/sfti1000.pfb
><d:/texlive/2017/texmf-dist/fonts/type1/public/cm-super/sfti1095.pfb><d:/texli
ve/2017/texmf-dist/fonts/type1/public/cm-super/sftt0800.pfb><d:/texlive/2017/te
xmf-dist/fonts/type1/public/cm-super/sftt0900.pfb><d:/texlive/2017/texmf-dist/f
onts/type1/public/cm-super/sftt1095.pfb><d:/texlive/2017/texmf-dist/fonts/type1
/public/cm-super/sfxc1095.pfb>
Output written on main_File.pdf (86 pages, 12727479 bytes).
PDF statistics:
 1723 PDF objects out of 1728 (max. 8388607)
 1515 compressed objects within 16 object streams
 659 named destinations out of 1000 (max. 500000)
 68147 words of extra memory for PDF output out of 74296 (max. 10000000)

